mode: set
github.com/dominikschlosser/oid4vc-dev/internal/jsonutil/jsonutil.go:20.53,23.2 2 1
github.com/dominikschlosser/oid4vc-dev/internal/jsonutil/jsonutil.go:26.63,29.2 2 1
github.com/dominikschlosser/oid4vc-dev/internal/jsonutil/jsonutil.go:32.58,35.2 2 1
github.com/dominikschlosser/oid4vc-dev/internal/jsonutil/jsonutil.go:38.51,41.2 2 1
github.com/dominikschlosser/oid4vc-dev/internal/jsonutil/jsonutil.go:44.63,47.2 2 1
github.com/dominikschlosser/oid4vc-dev/internal/format/detect.go:46.44,48.17 2 1
github.com/dominikschlosser/oid4vc-dev/internal/format/detect.go:48.17,50.3 1 1
github.com/dominikschlosser/oid4vc-dev/internal/format/detect.go:53.2,54.60 2 1
github.com/dominikschlosser/oid4vc-dev/internal/format/detect.go:54.60,56.3 1 1
github.com/dominikschlosser/oid4vc-dev/internal/format/detect.go:57.2,57.134 1 1
github.com/dominikschlosser/oid4vc-dev/internal/format/detect.go:57.134,59.3 1 1
github.com/dominikschlosser/oid4vc-dev/internal/format/detect.go:62.2,62.81 1 1
github.com/dominikschlosser/oid4vc-dev/internal/format/detect.go:62.81,63.53 1 1
github.com/dominikschlosser/oid4vc-dev/internal/format/detect.go:63.53,65.4 1 1
github.com/dominikschlosser/oid4vc-dev/internal/format/detect.go:67.3,67.23 1 1
github.com/dominikschlosser/oid4vc-dev/internal/format/detect.go:71.2,71.34 1 1
github.com/dominikschlosser/oid4vc-dev/internal/format/detect.go:71.34,73.3 1 1
github.com/dominikschlosser/oid4vc-dev/internal/format/detect.go:76.2,76.18 1 1
github.com/dominikschlosser/oid4vc-dev/internal/format/detect.go:76.18,78.52 2 1
github.com/dominikschlosser/oid4vc-dev/internal/format/detect.go:78.52,80.4 1 1
github.com/dominikschlosser/oid4vc-dev/internal/format/detect.go:82.2,83.51 2 1
github.com/dominikschlosser/oid4vc-dev/internal/format/detect.go:83.51,85.3 1 0
github.com/dominikschlosser/oid4vc-dev/internal/format/detect.go:88.2,88.35 1 1
github.com/dominikschlosser/oid4vc-dev/internal/format/detect.go:88.35,89.53 1 1
github.com/dominikschlosser/oid4vc-dev/internal/format/detect.go:89.53,91.4 1 1
github.com/dominikschlosser/oid4vc-dev/internal/format/detect.go:92.3,92.23 1 1
github.com/dominikschlosser/oid4vc-dev/internal/format/detect.go:96.2,97.63 2 1
github.com/dominikschlosser/oid4vc-dev/internal/format/detect.go:97.63,98.62 1 1
github.com/dominikschlosser/oid4vc-dev/internal/format/detect.go:98.62,100.4 1 1
github.com/dominikschlosser/oid4vc-dev/internal/format/detect.go:101.3,101.19 1 1
github.com/dominikschlosser/oid4vc-dev/internal/format/detect.go:104.2,104.22 1 1
github.com/dominikschlosser/oid4vc-dev/internal/format/detect.go:108.50,110.16 2 1
github.com/dominikschlosser/oid4vc-dev/internal/format/detect.go:110.16,112.3 1 0
github.com/dominikschlosser/oid4vc-dev/internal/format/detect.go:113.2,114.64 2 1
github.com/dominikschlosser/oid4vc-dev/internal/format/detect.go:114.64,116.3 1 1
github.com/dominikschlosser/oid4vc-dev/internal/format/detect.go:117.2,117.74 1 1
github.com/dominikschlosser/oid4vc-dev/internal/format/detect.go:117.74,119.3 1 1
github.com/dominikschlosser/oid4vc-dev/internal/format/detect.go:120.2,120.22 1 1
github.com/dominikschlosser/oid4vc-dev/internal/format/detect.go:124.63,126.16 2 1
github.com/dominikschlosser/oid4vc-dev/internal/format/detect.go:126.16,128.3 1 0
github.com/dominikschlosser/oid4vc-dev/internal/format/detect.go:129.2,130.49 2 1
github.com/dominikschlosser/oid4vc-dev/internal/format/detect.go:130.49,132.3 1 0
github.com/dominikschlosser/oid4vc-dev/internal/format/detect.go:133.2,133.43 1 1
github.com/dominikschlosser/oid4vc-dev/internal/format/detect.go:133.43,135.3 1 1
github.com/dominikschlosser/oid4vc-dev/internal/format/detect.go:136.2,136.41 1 1
github.com/dominikschlosser/oid4vc-dev/internal/format/detect.go:136.41,138.3 1 1
github.com/dominikschlosser/oid4vc-dev/internal/format/detect.go:139.2,139.33 1 1
github.com/dominikschlosser/oid4vc-dev/internal/format/detect.go:139.33,141.3 1 1
github.com/dominikschlosser/oid4vc-dev/internal/format/detect.go:142.2,142.37 1 1
github.com/dominikschlosser/oid4vc-dev/internal/format/detect.go:142.37,144.3 1 0
github.com/dominikschlosser/oid4vc-dev/internal/format/detect.go:145.2,145.22 1 1
github.com/dominikschlosser/oid4vc-dev/internal/format/detect.go:149.50,151.56 2 1
github.com/dominikschlosser/oid4vc-dev/internal/format/detect.go:151.56,153.3 1 0
github.com/dominikschlosser/oid4vc-dev/internal/format/detect.go:154.2,154.41 1 1
github.com/dominikschlosser/oid4vc-dev/internal/format/detect.go:154.41,156.3 1 1
github.com/dominikschlosser/oid4vc-dev/internal/format/detect.go:157.2,157.33 1 1
github.com/dominikschlosser/oid4vc-dev/internal/format/detect.go:157.33,159.3 1 1
github.com/dominikschlosser/oid4vc-dev/internal/format/detect.go:160.2,160.22 1 1
github.com/dominikschlosser/oid4vc-dev/internal/format/detect.go:163.27,164.33 1 1
github.com/dominikschlosser/oid4vc-dev/internal/format/detect.go:164.33,166.3 1 1
github.com/dominikschlosser/oid4vc-dev/internal/format/detect.go:167.2,167.22 1 1
github.com/dominikschlosser/oid4vc-dev/internal/format/detect.go:167.22,168.84 1 1
github.com/dominikschlosser/oid4vc-dev/internal/format/detect.go:168.84,170.4 1 1
github.com/dominikschlosser/oid4vc-dev/internal/format/detect.go:172.2,172.13 1 1
github.com/dominikschlosser/oid4vc-dev/internal/format/detect.go:177.31,182.2 2 1
github.com/dominikschlosser/oid4vc-dev/internal/format/encoding.go:24.48,27.16 2 1
github.com/dominikschlosser/oid4vc-dev/internal/format/encoding.go:27.16,30.3 1 1
github.com/dominikschlosser/oid4vc-dev/internal/format/encoding.go:31.2,31.15 1 1
github.com/dominikschlosser/oid4vc-dev/internal/format/encoding.go:35.48,37.16 2 1
github.com/dominikschlosser/oid4vc-dev/internal/format/encoding.go:37.16,39.3 1 0
github.com/dominikschlosser/oid4vc-dev/internal/format/encoding.go:40.2,40.15 1 1
github.com/dominikschlosser/oid4vc-dev/internal/format/encoding.go:44.39,46.2 1 1
github.com/dominikschlosser/oid4vc-dev/internal/format/encoding.go:50.41,51.13 1 0
github.com/dominikschlosser/oid4vc-dev/internal/format/encoding.go:51.13,53.3 1 0
github.com/dominikschlosser/oid4vc-dev/internal/format/encoding.go:54.2,55.23 2 0
github.com/dominikschlosser/oid4vc-dev/internal/format/encoding.go:55.23,57.3 1 0
github.com/dominikschlosser/oid4vc-dev/internal/format/encoding.go:58.2,58.36 1 0
github.com/dominikschlosser/oid4vc-dev/internal/format/encoding.go:62.53,64.14 2 1
github.com/dominikschlosser/oid4vc-dev/internal/format/encoding.go:64.14,65.48 1 1
github.com/dominikschlosser/oid4vc-dev/internal/format/encoding.go:65.48,67.4 1 1
github.com/dominikschlosser/oid4vc-dev/internal/format/encoding.go:69.2,69.27 1 1
github.com/dominikschlosser/oid4vc-dev/internal/format/input.go:31.34,33.16 2 0
github.com/dominikschlosser/oid4vc-dev/internal/format/input.go:33.16,35.3 1 0
github.com/dominikschlosser/oid4vc-dev/internal/format/input.go:36.2,36.44 1 0
github.com/dominikschlosser/oid4vc-dev/internal/format/input.go:36.44,38.3 1 0
github.com/dominikschlosser/oid4vc-dev/internal/format/input.go:39.2,40.16 2 0
github.com/dominikschlosser/oid4vc-dev/internal/format/input.go:40.16,42.3 1 0
github.com/dominikschlosser/oid4vc-dev/internal/format/input.go:43.2,43.42 1 0
github.com/dominikschlosser/oid4vc-dev/internal/format/input.go:47.44,49.16 2 1
github.com/dominikschlosser/oid4vc-dev/internal/format/input.go:49.16,51.3 1 1
github.com/dominikschlosser/oid4vc-dev/internal/format/input.go:52.2,52.42 1 1
github.com/dominikschlosser/oid4vc-dev/internal/format/input.go:56.46,59.33 2 1
github.com/dominikschlosser/oid4vc-dev/internal/format/input.go:59.33,61.3 1 0
github.com/dominikschlosser/oid4vc-dev/internal/format/input.go:64.2,64.81 1 1
github.com/dominikschlosser/oid4vc-dev/internal/format/input.go:64.81,66.3 1 0
github.com/dominikschlosser/oid4vc-dev/internal/format/input.go:69.2,69.42 1 1
github.com/dominikschlosser/oid4vc-dev/internal/format/input.go:69.42,71.3 1 1
github.com/dominikschlosser/oid4vc-dev/internal/format/input.go:74.2,74.19 1 1
github.com/dominikschlosser/oid4vc-dev/internal/format/input.go:80.49,83.33 2 1
github.com/dominikschlosser/oid4vc-dev/internal/format/input.go:83.33,85.3 1 0
github.com/dominikschlosser/oid4vc-dev/internal/format/input.go:88.2,88.36 1 1
github.com/dominikschlosser/oid4vc-dev/internal/format/input.go:88.36,90.3 1 1
github.com/dominikschlosser/oid4vc-dev/internal/format/input.go:93.2,93.36 1 1
github.com/dominikschlosser/oid4vc-dev/internal/format/input.go:93.36,94.43 1 1
github.com/dominikschlosser/oid4vc-dev/internal/format/input.go:94.43,96.4 1 1
github.com/dominikschlosser/oid4vc-dev/internal/format/input.go:99.2,99.19 1 1
github.com/dominikschlosser/oid4vc-dev/internal/format/input.go:103.43,105.16 2 0
github.com/dominikschlosser/oid4vc-dev/internal/format/input.go:105.16,107.3 1 0
github.com/dominikschlosser/oid4vc-dev/internal/format/input.go:108.2,110.38 2 0
github.com/dominikschlosser/oid4vc-dev/internal/format/input.go:110.38,112.3 1 0
github.com/dominikschlosser/oid4vc-dev/internal/format/input.go:114.2,115.16 2 0
github.com/dominikschlosser/oid4vc-dev/internal/format/input.go:115.16,117.3 1 0
github.com/dominikschlosser/oid4vc-dev/internal/format/input.go:119.2,119.42 1 0
github.com/dominikschlosser/oid4vc-dev/internal/format/jwt.go:25.88,27.21 2 1
github.com/dominikschlosser/oid4vc-dev/internal/format/jwt.go:27.21,29.3 1 1
github.com/dominikschlosser/oid4vc-dev/internal/format/jwt.go:31.2,32.16 2 1
github.com/dominikschlosser/oid4vc-dev/internal/format/jwt.go:32.16,34.3 1 1
github.com/dominikschlosser/oid4vc-dev/internal/format/jwt.go:36.2,37.16 2 1
github.com/dominikschlosser/oid4vc-dev/internal/format/jwt.go:37.16,39.3 1 1
github.com/dominikschlosser/oid4vc-dev/internal/format/jwt.go:41.2,41.61 1 1
github.com/dominikschlosser/oid4vc-dev/internal/format/jwt.go:41.61,43.3 1 1
github.com/dominikschlosser/oid4vc-dev/internal/format/jwt.go:45.2,45.63 1 1
github.com/dominikschlosser/oid4vc-dev/internal/format/jwt.go:45.63,47.3 1 1
github.com/dominikschlosser/oid4vc-dev/internal/format/jwt.go:49.2,51.34 2 1
github.com/dominikschlosser/oid4vc-dev/internal/mock/jwt.go:44.49,45.20 1 1
github.com/dominikschlosser/oid4vc-dev/internal/mock/jwt.go:45.20,47.3 1 1
github.com/dominikschlosser/oid4vc-dev/internal/mock/jwt.go:49.2,59.26 3 1
github.com/dominikschlosser/oid4vc-dev/internal/mock/jwt.go:59.26,61.3 1 1
github.com/dominikschlosser/oid4vc-dev/internal/mock/jwt.go:63.2,63.38 1 1
github.com/dominikschlosser/oid4vc-dev/internal/mock/jwt.go:63.38,65.3 1 1
github.com/dominikschlosser/oid4vc-dev/internal/mock/jwt.go:68.2,68.29 1 1
github.com/dominikschlosser/oid4vc-dev/internal/mock/jwt.go:68.29,75.3 1 1
github.com/dominikschlosser/oid4vc-dev/internal/mock/jwt.go:78.2,83.28 2 1
github.com/dominikschlosser/oid4vc-dev/internal/mock/jwt.go:83.28,85.38 2 0
github.com/dominikschlosser/oid4vc-dev/internal/mock/jwt.go:85.38,87.4 1 0
github.com/dominikschlosser/oid4vc-dev/internal/mock/jwt.go:88.3,88.22 1 0
github.com/dominikschlosser/oid4vc-dev/internal/mock/jwt.go:92.2,93.16 2 1
github.com/dominikschlosser/oid4vc-dev/internal/mock/jwt.go:93.16,95.3 1 0
github.com/dominikschlosser/oid4vc-dev/internal/mock/jwt.go:96.2,97.16 2 1
github.com/dominikschlosser/oid4vc-dev/internal/mock/jwt.go:97.16,99.3 1 0
github.com/dominikschlosser/oid4vc-dev/internal/mock/jwt.go:101.2,109.16 6 1
github.com/dominikschlosser/oid4vc-dev/internal/mock/jwt.go:109.16,111.3 1 0
github.com/dominikschlosser/oid4vc-dev/internal/mock/jwt.go:113.2,115.57 2 1
github.com/dominikschlosser/oid4vc-dev/internal/mock/keys.go:32.47,34.2 1 1
github.com/dominikschlosser/oid4vc-dev/internal/mock/keys.go:37.62,48.2 4 0
github.com/dominikschlosser/oid4vc-dev/internal/mock/keys.go:50.46,51.20 1 0
github.com/dominikschlosser/oid4vc-dev/internal/mock/keys.go:51.20,53.3 1 0
github.com/dominikschlosser/oid4vc-dev/internal/mock/keys.go:54.2,54.10 1 0
github.com/dominikschlosser/oid4vc-dev/internal/mock/keys.go:58.48,64.28 4 1
github.com/dominikschlosser/oid4vc-dev/internal/mock/keys.go:64.28,66.3 1 0
github.com/dominikschlosser/oid4vc-dev/internal/mock/keys.go:67.2,67.28 1 1
github.com/dominikschlosser/oid4vc-dev/internal/mock/keys.go:67.28,69.3 1 0
github.com/dominikschlosser/oid4vc-dev/internal/mock/keys.go:71.2,79.18 3 1
github.com/dominikschlosser/oid4vc-dev/internal/mock/keys.go:83.73,96.16 3 0
github.com/dominikschlosser/oid4vc-dev/internal/mock/keys.go:96.16,98.3 1 0
github.com/dominikschlosser/oid4vc-dev/internal/mock/keys.go:100.2,100.35 1 0
github.com/dominikschlosser/oid4vc-dev/internal/mock/keys.go:104.130,115.16 3 0
github.com/dominikschlosser/oid4vc-dev/internal/mock/keys.go:115.16,117.3 1 0
github.com/dominikschlosser/oid4vc-dev/internal/mock/keys.go:119.2,119.35 1 0
github.com/dominikschlosser/oid4vc-dev/internal/mock/keys.go:123.50,129.28 5 1
github.com/dominikschlosser/oid4vc-dev/internal/mock/keys.go:129.28,131.3 1 0
github.com/dominikschlosser/oid4vc-dev/internal/mock/keys.go:132.2,132.28 1 1
github.com/dominikschlosser/oid4vc-dev/internal/mock/keys.go:132.28,134.3 1 0
github.com/dominikschlosser/oid4vc-dev/internal/mock/keys.go:135.2,135.28 1 1
github.com/dominikschlosser/oid4vc-dev/internal/mock/keys.go:135.28,137.3 1 0
github.com/dominikschlosser/oid4vc-dev/internal/mock/keys.go:139.2,148.16 3 1
github.com/dominikschlosser/oid4vc-dev/internal/mock/keys.go:148.16,150.3 1 0
github.com/dominikschlosser/oid4vc-dev/internal/mock/keys.go:151.2,151.18 1 1
github.com/dominikschlosser/oid4vc-dev/internal/mock/mdoc.go:45.51,48.20 3 1
github.com/dominikschlosser/oid4vc-dev/internal/mock/mdoc.go:48.20,50.3 1 1
github.com/dominikschlosser/oid4vc-dev/internal/mock/mdoc.go:51.2,52.26 2 1
github.com/dominikschlosser/oid4vc-dev/internal/mock/mdoc.go:52.26,54.3 1 1
github.com/dominikschlosser/oid4vc-dev/internal/mock/mdoc.go:55.2,62.38 5 1
github.com/dominikschlosser/oid4vc-dev/internal/mock/mdoc.go:62.38,64.46 2 1
github.com/dominikschlosser/oid4vc-dev/internal/mock/mdoc.go:64.46,66.4 1 0
github.com/dominikschlosser/oid4vc-dev/internal/mock/mdoc.go:69.3,77.17 3 1
github.com/dominikschlosser/oid4vc-dev/internal/mock/mdoc.go:77.17,79.4 1 0
github.com/dominikschlosser/oid4vc-dev/internal/mock/mdoc.go:82.3,87.17 3 1
github.com/dominikschlosser/oid4vc-dev/internal/mock/mdoc.go:87.17,89.4 1 0
github.com/dominikschlosser/oid4vc-dev/internal/mock/mdoc.go:91.3,96.13 4 1
github.com/dominikschlosser/oid4vc-dev/internal/mock/mdoc.go:100.2,115.29 2 1
github.com/dominikschlosser/oid4vc-dev/internal/mock/mdoc.go:115.29,122.3 1 0
github.com/dominikschlosser/oid4vc-dev/internal/mock/mdoc.go:125.2,125.26 1 1
github.com/dominikschlosser/oid4vc-dev/internal/mock/mdoc.go:125.26,129.29 4 0
github.com/dominikschlosser/oid4vc-dev/internal/mock/mdoc.go:129.29,131.4 1 0
github.com/dominikschlosser/oid4vc-dev/internal/mock/mdoc.go:132.3,132.29 1 0
github.com/dominikschlosser/oid4vc-dev/internal/mock/mdoc.go:132.29,134.4 1 0
github.com/dominikschlosser/oid4vc-dev/internal/mock/mdoc.go:138.3,147.4 2 0
github.com/dominikschlosser/oid4vc-dev/internal/mock/mdoc.go:150.2,151.16 2 1
github.com/dominikschlosser/oid4vc-dev/internal/mock/mdoc.go:151.16,153.3 1 0
github.com/dominikschlosser/oid4vc-dev/internal/mock/mdoc.go:156.2,157.16 2 1
github.com/dominikschlosser/oid4vc-dev/internal/mock/mdoc.go:157.16,159.3 1 0
github.com/dominikschlosser/oid4vc-dev/internal/mock/mdoc.go:161.2,166.28 4 1
github.com/dominikschlosser/oid4vc-dev/internal/mock/mdoc.go:166.28,167.30 1 0
github.com/dominikschlosser/oid4vc-dev/internal/mock/mdoc.go:167.30,170.4 1 0
github.com/dominikschlosser/oid4vc-dev/internal/mock/mdoc.go:170.9,173.39 2 0
github.com/dominikschlosser/oid4vc-dev/internal/mock/mdoc.go:173.39,175.5 1 0
github.com/dominikschlosser/oid4vc-dev/internal/mock/mdoc.go:176.4,176.49 1 0
github.com/dominikschlosser/oid4vc-dev/internal/mock/mdoc.go:180.2,180.59 1 1
github.com/dominikschlosser/oid4vc-dev/internal/mock/mdoc.go:180.59,182.3 1 0
github.com/dominikschlosser/oid4vc-dev/internal/mock/mdoc.go:184.2,185.16 2 1
github.com/dominikschlosser/oid4vc-dev/internal/mock/mdoc.go:185.16,187.3 1 0
github.com/dominikschlosser/oid4vc-dev/internal/mock/mdoc.go:190.2,198.16 3 1
github.com/dominikschlosser/oid4vc-dev/internal/mock/mdoc.go:198.16,200.3 1 0
github.com/dominikschlosser/oid4vc-dev/internal/mock/mdoc.go:202.2,202.69 1 1
github.com/dominikschlosser/oid4vc-dev/internal/mock/sdjwt.go:48.53,55.38 4 1
github.com/dominikschlosser/oid4vc-dev/internal/mock/sdjwt.go:55.38,57.17 2 1
github.com/dominikschlosser/oid4vc-dev/internal/mock/sdjwt.go:57.17,59.4 1 0
github.com/dominikschlosser/oid4vc-dev/internal/mock/sdjwt.go:60.3,64.17 3 1
github.com/dominikschlosser/oid4vc-dev/internal/mock/sdjwt.go:64.17,66.4 1 0
github.com/dominikschlosser/oid4vc-dev/internal/mock/sdjwt.go:67.3,68.39 2 1
github.com/dominikschlosser/oid4vc-dev/internal/mock/sdjwt.go:72.2,81.26 2 1
github.com/dominikschlosser/oid4vc-dev/internal/mock/sdjwt.go:81.26,83.3 1 1
github.com/dominikschlosser/oid4vc-dev/internal/mock/sdjwt.go:86.2,86.26 1 1
github.com/dominikschlosser/oid4vc-dev/internal/mock/sdjwt.go:86.26,90.3 1 0
github.com/dominikschlosser/oid4vc-dev/internal/mock/sdjwt.go:93.2,93.29 1 1
github.com/dominikschlosser/oid4vc-dev/internal/mock/sdjwt.go:93.29,100.3 1 0
github.com/dominikschlosser/oid4vc-dev/internal/mock/sdjwt.go:103.2,108.28 2 1
github.com/dominikschlosser/oid4vc-dev/internal/mock/sdjwt.go:108.28,110.38 2 0
github.com/dominikschlosser/oid4vc-dev/internal/mock/sdjwt.go:110.38,112.4 1 0
github.com/dominikschlosser/oid4vc-dev/internal/mock/sdjwt.go:113.3,113.22 1 0
github.com/dominikschlosser/oid4vc-dev/internal/mock/sdjwt.go:117.2,118.16 2 1
github.com/dominikschlosser/oid4vc-dev/internal/mock/sdjwt.go:118.16,120.3 1 0
github.com/dominikschlosser/oid4vc-dev/internal/mock/sdjwt.go:121.2,122.16 2 1
github.com/dominikschlosser/oid4vc-dev/internal/mock/sdjwt.go:122.16,124.3 1 0
github.com/dominikschlosser/oid4vc-dev/internal/mock/sdjwt.go:126.2,134.16 6 1
github.com/dominikschlosser/oid4vc-dev/internal/mock/sdjwt.go:134.16,136.3 1 0
github.com/dominikschlosser/oid4vc-dev/internal/mock/sdjwt.go:139.2,152.20 10 1
github.com/dominikschlosser/oid4vc-dev/internal/mock/sdjwt.go:160.104,161.27 1 1
github.com/dominikschlosser/oid4vc-dev/internal/mock/sdjwt.go:162.22,165.36 2 1
github.com/dominikschlosser/oid4vc-dev/internal/mock/sdjwt.go:165.36,167.18 2 1
github.com/dominikschlosser/oid4vc-dev/internal/mock/sdjwt.go:167.18,169.5 1 0
github.com/dominikschlosser/oid4vc-dev/internal/mock/sdjwt.go:170.4,171.43 2 1
github.com/dominikschlosser/oid4vc-dev/internal/mock/sdjwt.go:173.3,174.47 2 1
github.com/dominikschlosser/oid4vc-dev/internal/mock/sdjwt.go:176.13,179.26 2 1
github.com/dominikschlosser/oid4vc-dev/internal/mock/sdjwt.go:179.26,181.18 2 1
github.com/dominikschlosser/oid4vc-dev/internal/mock/sdjwt.go:181.18,183.5 1 0
github.com/dominikschlosser/oid4vc-dev/internal/mock/sdjwt.go:184.4,185.62 2 1
github.com/dominikschlosser/oid4vc-dev/internal/mock/sdjwt.go:187.3,188.47 2 1
github.com/dominikschlosser/oid4vc-dev/internal/mock/sdjwt.go:190.10,192.25 1 1
github.com/dominikschlosser/oid4vc-dev/internal/mock/sdjwt.go:198.90,200.43 2 1
github.com/dominikschlosser/oid4vc-dev/internal/mock/sdjwt.go:200.43,202.3 1 0
github.com/dominikschlosser/oid4vc-dev/internal/mock/sdjwt.go:204.2,206.16 3 1
github.com/dominikschlosser/oid4vc-dev/internal/mock/sdjwt.go:206.16,208.3 1 0
github.com/dominikschlosser/oid4vc-dev/internal/mock/sdjwt.go:210.2,212.47 3 1
github.com/dominikschlosser/oid4vc-dev/internal/mock/sdjwt.go:217.89,219.43 2 1
github.com/dominikschlosser/oid4vc-dev/internal/mock/sdjwt.go:219.43,221.3 1 0
github.com/dominikschlosser/oid4vc-dev/internal/mock/sdjwt.go:223.2,225.16 3 1
github.com/dominikschlosser/oid4vc-dev/internal/mock/sdjwt.go:225.16,227.3 1 0
github.com/dominikschlosser/oid4vc-dev/internal/mock/sdjwt.go:229.2,231.47 3 1
github.com/dominikschlosser/oid4vc-dev/internal/mock/sdjwt.go:235.70,237.16 2 1
github.com/dominikschlosser/oid4vc-dev/internal/mock/sdjwt.go:237.16,239.3 1 0
github.com/dominikschlosser/oid4vc-dev/internal/mock/sdjwt.go:241.2,245.39 4 1
github.com/dominikschlosser/oid4vc-dev/internal/mock/sdjwt.go:248.43,249.20 1 1
github.com/dominikschlosser/oid4vc-dev/internal/mock/sdjwt.go:249.20,251.3 1 1
github.com/dominikschlosser/oid4vc-dev/internal/mock/sdjwt.go:252.2,254.15 3 0
github.com/dominikschlosser/oid4vc-dev/internal/dcql/generator.go:26.43,28.2 1 1
github.com/dominikschlosser/oid4vc-dev/internal/dcql/generator.go:31.41,33.2 1 1
github.com/dominikschlosser/oid4vc-dev/internal/dcql/generator.go:35.65,37.55 2 1
github.com/dominikschlosser/oid4vc-dev/internal/dcql/generator.go:37.55,39.3 1 1
github.com/dominikschlosser/oid4vc-dev/internal/dcql/generator.go:42.2,43.14 2 1
github.com/dominikschlosser/oid4vc-dev/internal/dcql/generator.go:43.14,45.3 1 1
github.com/dominikschlosser/oid4vc-dev/internal/dcql/generator.go:47.2,55.15 3 1
github.com/dominikschlosser/oid4vc-dev/internal/dcql/generator.go:55.15,59.3 1 1
github.com/dominikschlosser/oid4vc-dev/internal/dcql/generator.go:61.2,61.51 1 1
github.com/dominikschlosser/oid4vc-dev/internal/dcql/generator.go:65.42,67.14 2 1
github.com/dominikschlosser/oid4vc-dev/internal/dcql/generator.go:67.14,69.3 1 0
github.com/dominikschlosser/oid4vc-dev/internal/dcql/generator.go:71.2,73.32 3 1
github.com/dominikschlosser/oid4vc-dev/internal/dcql/generator.go:73.32,76.41 2 1
github.com/dominikschlosser/oid4vc-dev/internal/dcql/generator.go:76.41,78.4 1 1
github.com/dominikschlosser/oid4vc-dev/internal/dcql/generator.go:79.3,79.30 1 1
github.com/dominikschlosser/oid4vc-dev/internal/dcql/generator.go:79.30,83.4 1 1
github.com/dominikschlosser/oid4vc-dev/internal/dcql/generator.go:86.2,92.23 2 1
github.com/dominikschlosser/oid4vc-dev/internal/dcql/generator.go:92.23,96.3 1 1
github.com/dominikschlosser/oid4vc-dev/internal/dcql/generator.go:98.2,98.51 1 1
github.com/dominikschlosser/oid4vc-dev/internal/dcql/generator.go:108.61,112.25 3 1
github.com/dominikschlosser/oid4vc-dev/internal/dcql/generator.go:112.25,113.20 1 1
github.com/dominikschlosser/oid4vc-dev/internal/dcql/generator.go:113.20,114.12 1 1
github.com/dominikschlosser/oid4vc-dev/internal/dcql/generator.go:116.3,117.62 2 1
github.com/dominikschlosser/oid4vc-dev/internal/dcql/generator.go:120.2,120.15 1 1
github.com/dominikschlosser/oid4vc-dev/internal/dcql/generator.go:127.53,128.25 1 1
github.com/dominikschlosser/oid4vc-dev/internal/dcql/generator.go:129.22,133.26 3 1
github.com/dominikschlosser/oid4vc-dev/internal/dcql/generator.go:133.26,134.36 1 1
github.com/dominikschlosser/oid4vc-dev/internal/dcql/generator.go:134.36,135.13 1 0
github.com/dominikschlosser/oid4vc-dev/internal/dcql/generator.go:137.4,138.58 2 1
github.com/dominikschlosser/oid4vc-dev/internal/dcql/generator.go:140.3,140.23 1 1
github.com/dominikschlosser/oid4vc-dev/internal/dcql/generator.go:140.23,143.4 1 0
github.com/dominikschlosser/oid4vc-dev/internal/dcql/generator.go:144.3,144.16 1 1
github.com/dominikschlosser/oid4vc-dev/internal/dcql/generator.go:145.13,148.36 2 1
github.com/dominikschlosser/oid4vc-dev/internal/dcql/generator.go:149.10,150.38 1 1
github.com/dominikschlosser/oid4vc-dev/internal/dcql/generator.go:154.34,159.17 5 1
github.com/dominikschlosser/oid4vc-dev/internal/dcql/generator.go:159.17,161.3 1 0
github.com/dominikschlosser/oid4vc-dev/internal/dcql/generator.go:162.2,162.10 1 1
github.com/dominikschlosser/oid4vc-dev/internal/dcql/generator.go:165.49,167.19 2 1
github.com/dominikschlosser/oid4vc-dev/internal/dcql/generator.go:167.19,169.3 1 1
github.com/dominikschlosser/oid4vc-dev/internal/dcql/generator.go:170.2,171.13 2 1
github.com/dominikschlosser/oid4vc-dev/internal/mdoc/cbor.go:25.13,30.16 3 1
github.com/dominikschlosser/oid4vc-dev/internal/mdoc/cbor.go:30.16,31.13 1 0
github.com/dominikschlosser/oid4vc-dev/internal/mdoc/cbor.go:36.50,38.58 2 1
github.com/dominikschlosser/oid4vc-dev/internal/mdoc/cbor.go:38.58,41.3 1 1
github.com/dominikschlosser/oid4vc-dev/internal/mdoc/cbor.go:42.2,42.22 1 0
github.com/dominikschlosser/oid4vc-dev/internal/mdoc/cbor.go:42.22,44.3 1 0
github.com/dominikschlosser/oid4vc-dev/internal/mdoc/cbor.go:46.2,47.67 2 0
github.com/dominikschlosser/oid4vc-dev/internal/mdoc/cbor.go:47.67,49.3 1 0
github.com/dominikschlosser/oid4vc-dev/internal/mdoc/cbor.go:50.2,50.19 1 0
github.com/dominikschlosser/oid4vc-dev/internal/mdoc/cbor.go:54.43,56.61 2 0
github.com/dominikschlosser/oid4vc-dev/internal/mdoc/cbor.go:56.61,58.3 1 0
github.com/dominikschlosser/oid4vc-dev/internal/mdoc/cbor.go:59.2,59.20 1 0
github.com/dominikschlosser/oid4vc-dev/internal/mdoc/cbor.go:63.63,65.22 2 0
github.com/dominikschlosser/oid4vc-dev/internal/mdoc/cbor.go:65.22,68.3 2 0
github.com/dominikschlosser/oid4vc-dev/internal/mdoc/cbor.go:69.2,69.15 1 0
github.com/dominikschlosser/oid4vc-dev/internal/mdoc/parser.go:28.43,32.16 3 1
github.com/dominikschlosser/oid4vc-dev/internal/mdoc/parser.go:32.16,34.3 1 0
github.com/dominikschlosser/oid4vc-dev/internal/mdoc/parser.go:37.2,38.16 2 1
github.com/dominikschlosser/oid4vc-dev/internal/mdoc/parser.go:38.16,40.3 1 0
github.com/dominikschlosser/oid4vc-dev/internal/mdoc/parser.go:43.2,43.32 1 1
github.com/dominikschlosser/oid4vc-dev/internal/mdoc/parser.go:46.58,48.59 2 1
github.com/dominikschlosser/oid4vc-dev/internal/mdoc/parser.go:48.59,50.3 1 0
github.com/dominikschlosser/oid4vc-dev/internal/mdoc/parser.go:52.2,53.9 2 1
github.com/dominikschlosser/oid4vc-dev/internal/mdoc/parser.go:53.9,55.3 1 1
github.com/dominikschlosser/oid4vc-dev/internal/mdoc/parser.go:57.2,58.29 2 0
github.com/dominikschlosser/oid4vc-dev/internal/mdoc/parser.go:58.29,60.3 1 0
github.com/dominikschlosser/oid4vc-dev/internal/mdoc/parser.go:63.2,64.9 2 0
github.com/dominikschlosser/oid4vc-dev/internal/mdoc/parser.go:64.9,66.3 1 0
github.com/dominikschlosser/oid4vc-dev/internal/mdoc/parser.go:68.2,69.9 2 0
github.com/dominikschlosser/oid4vc-dev/internal/mdoc/parser.go:69.9,71.3 1 0
github.com/dominikschlosser/oid4vc-dev/internal/mdoc/parser.go:74.2,75.16 2 0
github.com/dominikschlosser/oid4vc-dev/internal/mdoc/parser.go:75.16,77.3 1 0
github.com/dominikschlosser/oid4vc-dev/internal/mdoc/parser.go:79.2,80.16 2 0
github.com/dominikschlosser/oid4vc-dev/internal/mdoc/parser.go:80.16,82.3 1 0
github.com/dominikschlosser/oid4vc-dev/internal/mdoc/parser.go:84.2,84.46 1 0
github.com/dominikschlosser/oid4vc-dev/internal/mdoc/parser.go:84.46,86.3 1 0
github.com/dominikschlosser/oid4vc-dev/internal/mdoc/parser.go:89.2,89.56 1 0
github.com/dominikschlosser/oid4vc-dev/internal/mdoc/parser.go:89.56,91.3 1 0
github.com/dominikschlosser/oid4vc-dev/internal/mdoc/parser.go:93.2,96.17 3 0
github.com/dominikschlosser/oid4vc-dev/internal/mdoc/parser.go:99.54,101.50 2 0
github.com/dominikschlosser/oid4vc-dev/internal/mdoc/parser.go:101.50,103.3 1 0
github.com/dominikschlosser/oid4vc-dev/internal/mdoc/parser.go:104.2,104.15 1 0
github.com/dominikschlosser/oid4vc-dev/internal/mdoc/parser.go:107.56,109.67 2 1
github.com/dominikschlosser/oid4vc-dev/internal/mdoc/parser.go:109.67,111.3 1 0
github.com/dominikschlosser/oid4vc-dev/internal/mdoc/parser.go:113.2,119.46 2 1
github.com/dominikschlosser/oid4vc-dev/internal/mdoc/parser.go:119.46,121.10 2 1
github.com/dominikschlosser/oid4vc-dev/internal/mdoc/parser.go:121.10,123.4 1 0
github.com/dominikschlosser/oid4vc-dev/internal/mdoc/parser.go:124.3,124.35 1 1
github.com/dominikschlosser/oid4vc-dev/internal/mdoc/parser.go:124.35,127.11 3 1
github.com/dominikschlosser/oid4vc-dev/internal/mdoc/parser.go:127.11,128.13 1 0
github.com/dominikschlosser/oid4vc-dev/internal/mdoc/parser.go:130.4,131.31 2 1
github.com/dominikschlosser/oid4vc-dev/internal/mdoc/parser.go:131.31,133.19 2 1
github.com/dominikschlosser/oid4vc-dev/internal/mdoc/parser.go:133.19,134.14 1 0
github.com/dominikschlosser/oid4vc-dev/internal/mdoc/parser.go:136.5,136.36 1 1
github.com/dominikschlosser/oid4vc-dev/internal/mdoc/parser.go:136.36,137.14 1 1
github.com/dominikschlosser/oid4vc-dev/internal/mdoc/parser.go:139.5,140.72 2 1
github.com/dominikschlosser/oid4vc-dev/internal/mdoc/parser.go:146.2,146.48 1 1
github.com/dominikschlosser/oid4vc-dev/internal/mdoc/parser.go:146.48,148.17 2 1
github.com/dominikschlosser/oid4vc-dev/internal/mdoc/parser.go:148.17,150.21 2 1
github.com/dominikschlosser/oid4vc-dev/internal/mdoc/parser.go:150.21,152.5 1 1
github.com/dominikschlosser/oid4vc-dev/internal/mdoc/parser.go:156.2,156.17 1 1
github.com/dominikschlosser/oid4vc-dev/internal/mdoc/parser.go:159.64,167.25 3 1
github.com/dominikschlosser/oid4vc-dev/internal/mdoc/parser.go:168.14,169.16 1 0
github.com/dominikschlosser/oid4vc-dev/internal/mdoc/parser.go:170.16,171.21 1 1
github.com/dominikschlosser/oid4vc-dev/internal/mdoc/parser.go:171.21,172.39 1 1
github.com/dominikschlosser/oid4vc-dev/internal/mdoc/parser.go:172.39,175.52 2 1
github.com/dominikschlosser/oid4vc-dev/internal/mdoc/parser.go:175.52,177.6 1 1
github.com/dominikschlosser/oid4vc-dev/internal/mdoc/parser.go:178.10,180.5 1 0
github.com/dominikschlosser/oid4vc-dev/internal/mdoc/parser.go:181.9,183.4 1 0
github.com/dominikschlosser/oid4vc-dev/internal/mdoc/parser.go:184.10,187.17 2 0
github.com/dominikschlosser/oid4vc-dev/internal/mdoc/parser.go:187.17,189.4 1 0
github.com/dominikschlosser/oid4vc-dev/internal/mdoc/parser.go:190.3,192.17 3 0
github.com/dominikschlosser/oid4vc-dev/internal/mdoc/parser.go:192.17,194.4 1 0
github.com/dominikschlosser/oid4vc-dev/internal/mdoc/parser.go:195.3,195.20 1 0
github.com/dominikschlosser/oid4vc-dev/internal/mdoc/parser.go:198.2,199.67 2 1
github.com/dominikschlosser/oid4vc-dev/internal/mdoc/parser.go:199.67,201.3 1 0
github.com/dominikschlosser/oid4vc-dev/internal/mdoc/parser.go:204.2,205.25 2 1
github.com/dominikschlosser/oid4vc-dev/internal/mdoc/parser.go:205.25,207.3 1 0
github.com/dominikschlosser/oid4vc-dev/internal/mdoc/parser.go:209.2,213.40 2 1
github.com/dominikschlosser/oid4vc-dev/internal/mdoc/parser.go:213.40,214.26 1 1
github.com/dominikschlosser/oid4vc-dev/internal/mdoc/parser.go:215.15,216.20 1 0
github.com/dominikschlosser/oid4vc-dev/internal/mdoc/parser.go:217.14,218.28 1 1
github.com/dominikschlosser/oid4vc-dev/internal/mdoc/parser.go:222.2,222.45 1 1
github.com/dominikschlosser/oid4vc-dev/internal/mdoc/parser.go:222.45,224.3 1 1
github.com/dominikschlosser/oid4vc-dev/internal/mdoc/parser.go:226.2,226.57 1 1
github.com/dominikschlosser/oid4vc-dev/internal/mdoc/parser.go:226.57,228.3 1 1
github.com/dominikschlosser/oid4vc-dev/internal/mdoc/parser.go:230.2,232.17 2 1
github.com/dominikschlosser/oid4vc-dev/internal/mdoc/parser.go:235.52,242.25 3 1
github.com/dominikschlosser/oid4vc-dev/internal/mdoc/parser.go:243.14,245.14 2 1
github.com/dominikschlosser/oid4vc-dev/internal/mdoc/parser.go:246.16,249.17 2 1
github.com/dominikschlosser/oid4vc-dev/internal/mdoc/parser.go:249.17,251.4 1 0
github.com/dominikschlosser/oid4vc-dev/internal/mdoc/parser.go:252.3,254.38 2 1
github.com/dominikschlosser/oid4vc-dev/internal/mdoc/parser.go:254.38,256.4 1 0
github.com/dominikschlosser/oid4vc-dev/internal/mdoc/parser.go:256.9,258.18 2 1
github.com/dominikschlosser/oid4vc-dev/internal/mdoc/parser.go:258.18,260.5 1 0
github.com/dominikschlosser/oid4vc-dev/internal/mdoc/parser.go:261.4,261.17 1 1
github.com/dominikschlosser/oid4vc-dev/internal/mdoc/parser.go:263.10,267.17 2 1
github.com/dominikschlosser/oid4vc-dev/internal/mdoc/parser.go:267.17,269.4 1 0
github.com/dominikschlosser/oid4vc-dev/internal/mdoc/parser.go:270.3,272.17 3 1
github.com/dominikschlosser/oid4vc-dev/internal/mdoc/parser.go:272.17,274.4 1 0
github.com/dominikschlosser/oid4vc-dev/internal/mdoc/parser.go:277.2,278.67 2 1
github.com/dominikschlosser/oid4vc-dev/internal/mdoc/parser.go:278.67,280.3 1 0
github.com/dominikschlosser/oid4vc-dev/internal/mdoc/parser.go:282.2,282.23 1 1
github.com/dominikschlosser/oid4vc-dev/internal/mdoc/parser.go:282.23,284.3 1 0
github.com/dominikschlosser/oid4vc-dev/internal/mdoc/parser.go:286.2,290.102 3 1
github.com/dominikschlosser/oid4vc-dev/internal/mdoc/parser.go:290.102,292.68 2 1
github.com/dominikschlosser/oid4vc-dev/internal/mdoc/parser.go:292.68,294.4 1 1
github.com/dominikschlosser/oid4vc-dev/internal/mdoc/parser.go:298.2,299.64 2 1
github.com/dominikschlosser/oid4vc-dev/internal/mdoc/parser.go:299.64,301.3 1 1
github.com/dominikschlosser/oid4vc-dev/internal/mdoc/parser.go:304.2,305.68 2 1
github.com/dominikschlosser/oid4vc-dev/internal/mdoc/parser.go:305.68,307.3 1 1
github.com/dominikschlosser/oid4vc-dev/internal/mdoc/parser.go:307.8,310.17 2 0
github.com/dominikschlosser/oid4vc-dev/internal/mdoc/parser.go:310.17,312.4 1 0
github.com/dominikschlosser/oid4vc-dev/internal/mdoc/parser.go:316.2,317.64 2 1
github.com/dominikschlosser/oid4vc-dev/internal/mdoc/parser.go:317.64,319.3 1 1
github.com/dominikschlosser/oid4vc-dev/internal/mdoc/parser.go:322.2,322.23 1 1
github.com/dominikschlosser/oid4vc-dev/internal/mdoc/parser.go:322.23,325.57 2 1
github.com/dominikschlosser/oid4vc-dev/internal/mdoc/parser.go:325.57,327.4 1 1
github.com/dominikschlosser/oid4vc-dev/internal/mdoc/parser.go:328.3,329.17 2 1
github.com/dominikschlosser/oid4vc-dev/internal/mdoc/parser.go:329.17,331.4 1 1
github.com/dominikschlosser/oid4vc-dev/internal/mdoc/parser.go:334.2,334.16 1 1
github.com/dominikschlosser/oid4vc-dev/internal/mdoc/parser.go:337.42,339.61 2 1
github.com/dominikschlosser/oid4vc-dev/internal/mdoc/parser.go:339.61,341.3 1 1
github.com/dominikschlosser/oid4vc-dev/internal/mdoc/parser.go:343.2,345.45 2 1
github.com/dominikschlosser/oid4vc-dev/internal/mdoc/parser.go:345.45,347.3 1 1
github.com/dominikschlosser/oid4vc-dev/internal/mdoc/parser.go:348.2,348.53 1 1
github.com/dominikschlosser/oid4vc-dev/internal/mdoc/parser.go:348.53,350.3 1 1
github.com/dominikschlosser/oid4vc-dev/internal/mdoc/parser.go:351.2,351.45 1 1
github.com/dominikschlosser/oid4vc-dev/internal/mdoc/parser.go:351.45,353.3 1 1
github.com/dominikschlosser/oid4vc-dev/internal/mdoc/parser.go:356.2,356.56 1 1
github.com/dominikschlosser/oid4vc-dev/internal/mdoc/parser.go:356.56,358.32 2 1
github.com/dominikschlosser/oid4vc-dev/internal/mdoc/parser.go:358.32,361.48 3 1
github.com/dominikschlosser/oid4vc-dev/internal/mdoc/parser.go:361.48,362.35 1 1
github.com/dominikschlosser/oid4vc-dev/internal/mdoc/parser.go:362.35,364.28 2 1
github.com/dominikschlosser/oid4vc-dev/internal/mdoc/parser.go:365.18,366.14 1 0
github.com/dominikschlosser/oid4vc-dev/internal/mdoc/parser.go:367.17,368.22 1 1
github.com/dominikschlosser/oid4vc-dev/internal/mdoc/parser.go:370.6,370.34 1 1
github.com/dominikschlosser/oid4vc-dev/internal/mdoc/parser.go:370.34,372.7 1 1
github.com/dominikschlosser/oid4vc-dev/internal/mdoc/parser.go:379.2,379.56 1 1
github.com/dominikschlosser/oid4vc-dev/internal/mdoc/parser.go:379.56,381.3 1 1
github.com/dominikschlosser/oid4vc-dev/internal/mdoc/parser.go:384.2,384.57 1 1
github.com/dominikschlosser/oid4vc-dev/internal/mdoc/parser.go:384.57,386.3 1 0
github.com/dominikschlosser/oid4vc-dev/internal/mdoc/parser.go:389.2,389.50 1 1
github.com/dominikschlosser/oid4vc-dev/internal/mdoc/parser.go:389.50,391.3 1 0
github.com/dominikschlosser/oid4vc-dev/internal/mdoc/parser.go:393.2,393.17 1 1
github.com/dominikschlosser/oid4vc-dev/internal/mdoc/parser.go:396.54,399.43 2 1
github.com/dominikschlosser/oid4vc-dev/internal/mdoc/parser.go:399.43,401.10 2 1
github.com/dominikschlosser/oid4vc-dev/internal/mdoc/parser.go:401.10,403.4 1 0
github.com/dominikschlosser/oid4vc-dev/internal/mdoc/parser.go:404.3,404.26 1 1
github.com/dominikschlosser/oid4vc-dev/internal/mdoc/parser.go:405.15,407.18 2 0
github.com/dominikschlosser/oid4vc-dev/internal/mdoc/parser.go:407.18,409.5 1 0
github.com/dominikschlosser/oid4vc-dev/internal/mdoc/parser.go:410.4,410.13 1 0
github.com/dominikschlosser/oid4vc-dev/internal/mdoc/parser.go:411.18,412.15 1 1
github.com/dominikschlosser/oid4vc-dev/internal/mdoc/parser.go:413.17,415.41 1 0
github.com/dominikschlosser/oid4vc-dev/internal/mdoc/parser.go:415.41,417.19 2 0
github.com/dominikschlosser/oid4vc-dev/internal/mdoc/parser.go:417.19,419.6 1 0
github.com/dominikschlosser/oid4vc-dev/internal/mdoc/parser.go:420.5,420.14 1 0
github.com/dominikschlosser/oid4vc-dev/internal/mdoc/parser.go:423.3,423.13 1 0
github.com/dominikschlosser/oid4vc-dev/internal/mdoc/parser.go:426.2,430.13 4 1
github.com/dominikschlosser/oid4vc-dev/internal/mdoc/parser.go:433.34,434.25 1 1
github.com/dominikschlosser/oid4vc-dev/internal/mdoc/parser.go:435.19,436.41 1 0
github.com/dominikschlosser/oid4vc-dev/internal/mdoc/parser.go:437.13,439.28 2 0
github.com/dominikschlosser/oid4vc-dev/internal/mdoc/parser.go:439.28,441.4 1 0
github.com/dominikschlosser/oid4vc-dev/internal/mdoc/parser.go:442.3,442.16 1 0
github.com/dominikschlosser/oid4vc-dev/internal/mdoc/parser.go:443.16,444.22 1 0
github.com/dominikschlosser/oid4vc-dev/internal/mdoc/parser.go:444.22,446.41 1 0
github.com/dominikschlosser/oid4vc-dev/internal/mdoc/parser.go:446.41,448.5 1 0
github.com/dominikschlosser/oid4vc-dev/internal/mdoc/parser.go:450.3,450.23 1 0
github.com/dominikschlosser/oid4vc-dev/internal/mdoc/parser.go:450.23,451.41 1 0
github.com/dominikschlosser/oid4vc-dev/internal/mdoc/parser.go:451.41,453.19 2 0
github.com/dominikschlosser/oid4vc-dev/internal/mdoc/parser.go:453.19,455.6 1 0
github.com/dominikschlosser/oid4vc-dev/internal/mdoc/parser.go:458.3,458.39 1 0
github.com/dominikschlosser/oid4vc-dev/internal/mdoc/parser.go:459.10,460.11 1 1
github.com/dominikschlosser/oid4vc-dev/internal/mdoc/verifier.go:39.67,44.27 2 1
github.com/dominikschlosser/oid4vc-dev/internal/mdoc/verifier.go:44.27,47.3 2 1
github.com/dominikschlosser/oid4vc-dev/internal/mdoc/verifier.go:49.2,50.43 2 1
github.com/dominikschlosser/oid4vc-dev/internal/mdoc/verifier.go:50.43,56.84 5 1
github.com/dominikschlosser/oid4vc-dev/internal/mdoc/verifier.go:56.84,58.4 1 1
github.com/dominikschlosser/oid4vc-dev/internal/mdoc/verifier.go:59.3,59.83 1 1
github.com/dominikschlosser/oid4vc-dev/internal/mdoc/verifier.go:59.83,61.4 1 0
github.com/dominikschlosser/oid4vc-dev/internal/mdoc/verifier.go:65.2,65.43 1 1
github.com/dominikschlosser/oid4vc-dev/internal/mdoc/verifier.go:65.43,67.62 1 1
github.com/dominikschlosser/oid4vc-dev/internal/mdoc/verifier.go:67.62,68.27 1 1
github.com/dominikschlosser/oid4vc-dev/internal/mdoc/verifier.go:69.15,70.38 1 1
github.com/dominikschlosser/oid4vc-dev/internal/mdoc/verifier.go:71.16,72.45 1 0
github.com/dominikschlosser/oid4vc-dev/internal/mdoc/verifier.go:77.2,77.28 1 1
github.com/dominikschlosser/oid4vc-dev/internal/mdoc/verifier.go:77.28,80.3 2 0
github.com/dominikschlosser/oid4vc-dev/internal/mdoc/verifier.go:82.2,83.9 2 1
github.com/dominikschlosser/oid4vc-dev/internal/mdoc/verifier.go:83.9,86.3 2 0
github.com/dominikschlosser/oid4vc-dev/internal/mdoc/verifier.go:89.2,90.66 2 1
github.com/dominikschlosser/oid4vc-dev/internal/mdoc/verifier.go:90.66,93.3 2 0
github.com/dominikschlosser/oid4vc-dev/internal/mdoc/verifier.go:95.2,96.16 2 1
github.com/dominikschlosser/oid4vc-dev/internal/mdoc/verifier.go:96.16,99.3 2 0
github.com/dominikschlosser/oid4vc-dev/internal/mdoc/verifier.go:101.2,101.50 1 1
github.com/dominikschlosser/oid4vc-dev/internal/mdoc/verifier.go:101.50,104.3 2 1
github.com/dominikschlosser/oid4vc-dev/internal/mdoc/verifier.go:106.2,107.15 2 1
github.com/dominikschlosser/oid4vc-dev/internal/mdoc/verifier.go:110.35,111.12 1 1
github.com/dominikschlosser/oid4vc-dev/internal/mdoc/verifier.go:112.10,113.17 1 1
github.com/dominikschlosser/oid4vc-dev/internal/mdoc/verifier.go:114.11,115.17 1 0
github.com/dominikschlosser/oid4vc-dev/internal/mdoc/verifier.go:116.11,117.17 1 0
github.com/dominikschlosser/oid4vc-dev/internal/mdoc/verifier.go:118.11,119.17 1 0
github.com/dominikschlosser/oid4vc-dev/internal/mdoc/verifier.go:120.12,121.17 1 0
github.com/dominikschlosser/oid4vc-dev/internal/mdoc/verifier.go:122.10,123.40 1 0
github.com/dominikschlosser/oid4vc-dev/internal/mdoc/verifier.go:127.56,128.14 1 1
github.com/dominikschlosser/oid4vc-dev/internal/mdoc/verifier.go:129.15,130.35 1 1
github.com/dominikschlosser/oid4vc-dev/internal/mdoc/verifier.go:131.15,132.35 1 0
github.com/dominikschlosser/oid4vc-dev/internal/mdoc/verifier.go:133.15,134.35 1 0
github.com/dominikschlosser/oid4vc-dev/internal/mdoc/verifier.go:135.15,136.35 1 0
github.com/dominikschlosser/oid4vc-dev/internal/mdoc/verifier.go:137.10,138.18 1 0
github.com/dominikschlosser/oid4vc-dev/internal/keys/keys.go:34.59,36.16 2 1
github.com/dominikschlosser/oid4vc-dev/internal/keys/keys.go:36.16,38.3 1 1
github.com/dominikschlosser/oid4vc-dev/internal/keys/keys.go:39.2,39.29 1 1
github.com/dominikschlosser/oid4vc-dev/internal/keys/keys.go:43.61,45.16 2 1
github.com/dominikschlosser/oid4vc-dev/internal/keys/keys.go:45.16,47.3 1 1
github.com/dominikschlosser/oid4vc-dev/internal/keys/keys.go:48.2,48.30 1 1
github.com/dominikschlosser/oid4vc-dev/internal/keys/keys.go:52.62,54.18 2 1
github.com/dominikschlosser/oid4vc-dev/internal/keys/keys.go:54.18,56.3 1 1
github.com/dominikschlosser/oid4vc-dev/internal/keys/keys.go:57.2,57.30 1 1
github.com/dominikschlosser/oid4vc-dev/internal/keys/keys.go:60.72,62.68 1 1
github.com/dominikschlosser/oid4vc-dev/internal/keys/keys.go:62.68,64.3 1 1
github.com/dominikschlosser/oid4vc-dev/internal/keys/keys.go:66.2,66.65 1 1
github.com/dominikschlosser/oid4vc-dev/internal/keys/keys.go:66.65,68.3 1 1
github.com/dominikschlosser/oid4vc-dev/internal/keys/keys.go:70.2,70.68 1 1
github.com/dominikschlosser/oid4vc-dev/internal/keys/keys.go:70.68,72.3 1 1
github.com/dominikschlosser/oid4vc-dev/internal/keys/keys.go:73.2,73.86 1 1
github.com/dominikschlosser/oid4vc-dev/internal/keys/keys.go:77.62,79.51 2 1
github.com/dominikschlosser/oid4vc-dev/internal/keys/keys.go:79.51,81.3 1 1
github.com/dominikschlosser/oid4vc-dev/internal/keys/keys.go:83.2,84.13 2 1
github.com/dominikschlosser/oid4vc-dev/internal/keys/keys.go:85.12,86.32 1 1
github.com/dominikschlosser/oid4vc-dev/internal/keys/keys.go:87.13,88.33 1 1
github.com/dominikschlosser/oid4vc-dev/internal/keys/keys.go:89.10,90.62 1 1
github.com/dominikschlosser/oid4vc-dev/internal/keys/keys.go:94.71,96.16 2 1
github.com/dominikschlosser/oid4vc-dev/internal/keys/keys.go:96.16,98.3 1 0
github.com/dominikschlosser/oid4vc-dev/internal/keys/keys.go:99.2,100.16 2 1
github.com/dominikschlosser/oid4vc-dev/internal/keys/keys.go:100.16,102.3 1 1
github.com/dominikschlosser/oid4vc-dev/internal/keys/keys.go:103.2,104.16 2 1
github.com/dominikschlosser/oid4vc-dev/internal/keys/keys.go:104.16,106.3 1 0
github.com/dominikschlosser/oid4vc-dev/internal/keys/keys.go:107.2,110.8 1 1
github.com/dominikschlosser/oid4vc-dev/internal/keys/keys.go:113.70,115.16 2 1
github.com/dominikschlosser/oid4vc-dev/internal/keys/keys.go:115.16,117.3 1 0
github.com/dominikschlosser/oid4vc-dev/internal/keys/keys.go:118.2,119.16 2 1
github.com/dominikschlosser/oid4vc-dev/internal/keys/keys.go:119.16,121.3 1 1
github.com/dominikschlosser/oid4vc-dev/internal/keys/keys.go:122.2,123.16 2 1
github.com/dominikschlosser/oid4vc-dev/internal/keys/keys.go:123.16,125.3 1 0
github.com/dominikschlosser/oid4vc-dev/internal/keys/keys.go:126.2,131.39 2 1
github.com/dominikschlosser/oid4vc-dev/internal/keys/keys.go:131.39,132.62 1 1
github.com/dominikschlosser/oid4vc-dev/internal/keys/keys.go:132.62,134.4 1 1
github.com/dominikschlosser/oid4vc-dev/internal/keys/keys.go:136.2,136.39 1 1
github.com/dominikschlosser/oid4vc-dev/internal/keys/keys.go:136.39,137.62 1 1
github.com/dominikschlosser/oid4vc-dev/internal/keys/keys.go:137.62,139.4 1 1
github.com/dominikschlosser/oid4vc-dev/internal/keys/keys.go:141.2,142.17 2 1
github.com/dominikschlosser/oid4vc-dev/internal/keys/keys.go:146.60,148.18 2 1
github.com/dominikschlosser/oid4vc-dev/internal/keys/keys.go:148.18,150.3 1 1
github.com/dominikschlosser/oid4vc-dev/internal/keys/keys.go:151.2,151.23 1 1
github.com/dominikschlosser/oid4vc-dev/internal/keys/keys.go:154.64,155.20 1 1
github.com/dominikschlosser/oid4vc-dev/internal/keys/keys.go:156.37,157.46 1 1
github.com/dominikschlosser/oid4vc-dev/internal/keys/keys.go:158.21,160.17 2 1
github.com/dominikschlosser/oid4vc-dev/internal/keys/keys.go:160.17,162.4 1 0
github.com/dominikschlosser/oid4vc-dev/internal/keys/keys.go:163.3,163.29 1 1
github.com/dominikschlosser/oid4vc-dev/internal/keys/keys.go:164.24,165.47 1 0
github.com/dominikschlosser/oid4vc-dev/internal/keys/keys.go:166.10,168.17 2 0
github.com/dominikschlosser/oid4vc-dev/internal/keys/keys.go:168.17,170.4 1 0
github.com/dominikschlosser/oid4vc-dev/internal/keys/keys.go:171.3,171.18 1 0
github.com/dominikschlosser/oid4vc-dev/internal/keys/keys.go:176.54,178.51 2 1
github.com/dominikschlosser/oid4vc-dev/internal/keys/keys.go:178.51,180.3 1 1
github.com/dominikschlosser/oid4vc-dev/internal/keys/keys.go:182.2,183.13 2 1
github.com/dominikschlosser/oid4vc-dev/internal/keys/keys.go:184.12,185.25 1 1
github.com/dominikschlosser/oid4vc-dev/internal/keys/keys.go:186.13,187.26 1 1
github.com/dominikschlosser/oid4vc-dev/internal/keys/keys.go:188.10,189.62 1 1
github.com/dominikschlosser/oid4vc-dev/internal/keys/keys.go:193.63,199.16 5 1
github.com/dominikschlosser/oid4vc-dev/internal/keys/keys.go:199.16,201.3 1 0
github.com/dominikschlosser/oid4vc-dev/internal/keys/keys.go:202.2,203.16 2 1
github.com/dominikschlosser/oid4vc-dev/internal/keys/keys.go:203.16,205.3 1 0
github.com/dominikschlosser/oid4vc-dev/internal/keys/keys.go:207.2,208.13 2 1
github.com/dominikschlosser/oid4vc-dev/internal/keys/keys.go:209.15,210.26 1 1
github.com/dominikschlosser/oid4vc-dev/internal/keys/keys.go:211.15,212.26 1 0
github.com/dominikschlosser/oid4vc-dev/internal/keys/keys.go:213.15,214.26 1 0
github.com/dominikschlosser/oid4vc-dev/internal/keys/keys.go:215.10,216.55 1 0
github.com/dominikschlosser/oid4vc-dev/internal/keys/keys.go:219.2,223.8 1 1
github.com/dominikschlosser/oid4vc-dev/internal/keys/keys.go:226.62,231.16 4 1
github.com/dominikschlosser/oid4vc-dev/internal/keys/keys.go:231.16,233.3 1 0
github.com/dominikschlosser/oid4vc-dev/internal/keys/keys.go:234.2,235.16 2 1
github.com/dominikschlosser/oid4vc-dev/internal/keys/keys.go:235.16,237.3 1 0
github.com/dominikschlosser/oid4vc-dev/internal/keys/keys.go:239.2,242.8 1 1
github.com/dominikschlosser/oid4vc-dev/internal/oid4vc/parser.go:29.50,31.2 1 1
github.com/dominikschlosser/oid4vc-dev/internal/oid4vc/parser.go:35.80,39.58 2 1
github.com/dominikschlosser/oid4vc-dev/internal/oid4vc/parser.go:39.58,41.3 1 1
github.com/dominikschlosser/oid4vc-dev/internal/oid4vc/parser.go:42.2,42.128 1 1
github.com/dominikschlosser/oid4vc-dev/internal/oid4vc/parser.go:42.128,44.3 1 1
github.com/dominikschlosser/oid4vc-dev/internal/oid4vc/parser.go:47.2,47.77 1 1
github.com/dominikschlosser/oid4vc-dev/internal/oid4vc/parser.go:47.77,49.3 1 1
github.com/dominikschlosser/oid4vc-dev/internal/oid4vc/parser.go:52.2,52.16 1 1
github.com/dominikschlosser/oid4vc-dev/internal/oid4vc/parser.go:52.16,54.3 1 1
github.com/dominikschlosser/oid4vc-dev/internal/oid4vc/parser.go:57.2,57.33 1 1
github.com/dominikschlosser/oid4vc-dev/internal/oid4vc/parser.go:57.33,59.3 1 1
github.com/dominikschlosser/oid4vc-dev/internal/oid4vc/parser.go:61.2,61.109 1 1
github.com/dominikschlosser/oid4vc-dev/internal/oid4vc/parser.go:64.27,67.2 2 1
github.com/dominikschlosser/oid4vc-dev/internal/oid4vc/parser.go:70.56,72.16 2 1
github.com/dominikschlosser/oid4vc-dev/internal/oid4vc/parser.go:72.16,74.3 1 0
github.com/dominikschlosser/oid4vc-dev/internal/oid4vc/parser.go:75.2,75.34 1 1
github.com/dominikschlosser/oid4vc-dev/internal/oid4vc/parser.go:79.74,81.16 2 1
github.com/dominikschlosser/oid4vc-dev/internal/oid4vc/parser.go:81.16,83.3 1 0
github.com/dominikschlosser/oid4vc-dev/internal/oid4vc/parser.go:84.2,84.39 1 1
github.com/dominikschlosser/oid4vc-dev/internal/oid4vc/parser.go:88.76,90.16 2 1
github.com/dominikschlosser/oid4vc-dev/internal/oid4vc/parser.go:90.16,92.3 1 0
github.com/dominikschlosser/oid4vc-dev/internal/oid4vc/parser.go:93.2,94.64 2 1
github.com/dominikschlosser/oid4vc-dev/internal/oid4vc/parser.go:94.64,96.3 1 1
github.com/dominikschlosser/oid4vc-dev/internal/oid4vc/parser.go:97.2,97.31 1 1
github.com/dominikschlosser/oid4vc-dev/internal/oid4vc/parser.go:101.61,104.55 2 1
github.com/dominikschlosser/oid4vc-dev/internal/oid4vc/parser.go:104.55,106.3 1 1
github.com/dominikschlosser/oid4vc-dev/internal/oid4vc/parser.go:106.8,106.60 1 1
github.com/dominikschlosser/oid4vc-dev/internal/oid4vc/parser.go:106.60,108.17 2 0
github.com/dominikschlosser/oid4vc-dev/internal/oid4vc/parser.go:108.17,110.4 1 0
github.com/dominikschlosser/oid4vc-dev/internal/oid4vc/parser.go:111.3,111.30 1 0
github.com/dominikschlosser/oid4vc-dev/internal/oid4vc/parser.go:112.8,114.3 1 1
github.com/dominikschlosser/oid4vc-dev/internal/oid4vc/parser.go:116.2,116.32 1 1
github.com/dominikschlosser/oid4vc-dev/internal/oid4vc/parser.go:120.58,122.49 2 1
github.com/dominikschlosser/oid4vc-dev/internal/oid4vc/parser.go:122.49,124.3 1 0
github.com/dominikschlosser/oid4vc-dev/internal/oid4vc/parser.go:126.2,130.77 3 1
github.com/dominikschlosser/oid4vc-dev/internal/oid4vc/parser.go:130.77,131.26 1 1
github.com/dominikschlosser/oid4vc-dev/internal/oid4vc/parser.go:131.26,132.32 1 1
github.com/dominikschlosser/oid4vc-dev/internal/oid4vc/parser.go:132.32,134.5 1 1
github.com/dominikschlosser/oid4vc-dev/internal/oid4vc/parser.go:138.2,138.59 1 1
github.com/dominikschlosser/oid4vc-dev/internal/oid4vc/parser.go:138.59,139.113 1 1
github.com/dominikschlosser/oid4vc-dev/internal/oid4vc/parser.go:139.113,141.68 2 1
github.com/dominikschlosser/oid4vc-dev/internal/oid4vc/parser.go:141.68,143.5 1 1
github.com/dominikschlosser/oid4vc-dev/internal/oid4vc/parser.go:145.3,145.81 1 1
github.com/dominikschlosser/oid4vc-dev/internal/oid4vc/parser.go:145.81,148.4 2 1
github.com/dominikschlosser/oid4vc-dev/internal/oid4vc/parser.go:151.2,151.28 1 1
github.com/dominikschlosser/oid4vc-dev/internal/oid4vc/parser.go:155.79,160.21 2 1
github.com/dominikschlosser/oid4vc-dev/internal/oid4vc/parser.go:160.21,162.3 1 1
github.com/dominikschlosser/oid4vc-dev/internal/oid4vc/parser.go:164.2,175.58 10 1
github.com/dominikschlosser/oid4vc-dev/internal/oid4vc/parser.go:175.58,177.19 2 0
github.com/dominikschlosser/oid4vc-dev/internal/oid4vc/parser.go:177.19,179.4 1 0
github.com/dominikschlosser/oid4vc-dev/internal/oid4vc/parser.go:181.3,183.34 3 0
github.com/dominikschlosser/oid4vc-dev/internal/oid4vc/parser.go:183.34,185.4 1 0
github.com/dominikschlosser/oid4vc-dev/internal/oid4vc/parser.go:185.9,187.4 1 0
github.com/dominikschlosser/oid4vc-dev/internal/oid4vc/parser.go:188.3,188.17 1 0
github.com/dominikschlosser/oid4vc-dev/internal/oid4vc/parser.go:188.17,190.4 1 0
github.com/dominikschlosser/oid4vc-dev/internal/oid4vc/parser.go:191.3,191.21 1 0
github.com/dominikschlosser/oid4vc-dev/internal/oid4vc/parser.go:191.21,193.18 2 0
github.com/dominikschlosser/oid4vc-dev/internal/oid4vc/parser.go:193.18,195.5 1 0
github.com/dominikschlosser/oid4vc-dev/internal/oid4vc/parser.go:196.4,197.44 2 0
github.com/dominikschlosser/oid4vc-dev/internal/oid4vc/parser.go:202.2,202.41 1 1
github.com/dominikschlosser/oid4vc-dev/internal/oid4vc/parser.go:202.41,204.56 2 1
github.com/dominikschlosser/oid4vc-dev/internal/oid4vc/parser.go:204.56,206.4 1 1
github.com/dominikschlosser/oid4vc-dev/internal/oid4vc/parser.go:209.2,209.25 1 1
github.com/dominikschlosser/oid4vc-dev/internal/oid4vc/parser.go:213.84,214.49 1 1
github.com/dominikschlosser/oid4vc-dev/internal/oid4vc/parser.go:214.49,215.20 1 1
github.com/dominikschlosser/oid4vc-dev/internal/oid4vc/parser.go:215.20,216.42 1 1
github.com/dominikschlosser/oid4vc-dev/internal/oid4vc/parser.go:216.42,218.5 1 1
github.com/dominikschlosser/oid4vc-dev/internal/oid4vc/parser.go:221.2,230.26 9 1
github.com/dominikschlosser/oid4vc-dev/internal/oid4vc/parser.go:230.26,231.59 1 1
github.com/dominikschlosser/oid4vc-dev/internal/oid4vc/parser.go:231.59,233.4 1 1
github.com/dominikschlosser/oid4vc-dev/internal/oid4vc/parser.go:238.58,240.16 2 1
github.com/dominikschlosser/oid4vc-dev/internal/oid4vc/parser.go:240.16,242.3 1 0
github.com/dominikschlosser/oid4vc-dev/internal/oid4vc/parser.go:245.2,245.47 1 1
github.com/dominikschlosser/oid4vc-dev/internal/oid4vc/parser.go:245.47,247.17 2 1
github.com/dominikschlosser/oid4vc-dev/internal/oid4vc/parser.go:247.17,249.4 1 0
github.com/dominikschlosser/oid4vc-dev/internal/oid4vc/parser.go:250.3,251.29 2 1
github.com/dominikschlosser/oid4vc-dev/internal/oid4vc/parser.go:255.2,255.39 1 1
github.com/dominikschlosser/oid4vc-dev/internal/oid4vc/parser.go:255.39,258.3 2 1
github.com/dominikschlosser/oid4vc-dev/internal/oid4vc/parser.go:259.2,259.43 1 1
github.com/dominikschlosser/oid4vc-dev/internal/oid4vc/parser.go:259.43,262.3 2 1
github.com/dominikschlosser/oid4vc-dev/internal/oid4vc/parser.go:264.2,264.123 1 1
github.com/dominikschlosser/oid4vc-dev/internal/oid4vc/parser.go:267.90,274.2 3 1
github.com/dominikschlosser/oid4vc-dev/internal/oid4vc/parser.go:277.59,280.56 2 1
github.com/dominikschlosser/oid4vc-dev/internal/oid4vc/parser.go:280.56,282.3 1 1
github.com/dominikschlosser/oid4vc-dev/internal/oid4vc/parser.go:284.2,284.41 1 1
github.com/dominikschlosser/oid4vc-dev/internal/oid4vc/parser.go:284.41,286.3 1 1
github.com/dominikschlosser/oid4vc-dev/internal/oid4vc/parser.go:288.2,288.33 1 1
github.com/dominikschlosser/oid4vc-dev/internal/oid4vc/parser.go:288.33,291.3 2 1
github.com/dominikschlosser/oid4vc-dev/internal/oid4vc/parser.go:293.2,293.101 1 1
github.com/dominikschlosser/oid4vc-dev/internal/oid4vc/parser.go:296.77,311.55 10 1
github.com/dominikschlosser/oid4vc-dev/internal/oid4vc/parser.go:311.55,313.3 1 1
github.com/dominikschlosser/oid4vc-dev/internal/oid4vc/parser.go:315.2,315.20 1 1
github.com/dominikschlosser/oid4vc-dev/internal/output/json.go:24.23,28.38 4 1
github.com/dominikschlosser/oid4vc-dev/internal/output/json.go:28.38,30.3 1 0
github.com/dominikschlosser/oid4vc-dev/internal/output/printer.go:48.39,51.11 3 1
github.com/dominikschlosser/oid4vc-dev/internal/output/printer.go:51.11,54.3 2 1
github.com/dominikschlosser/oid4vc-dev/internal/output/printer.go:55.2,55.34 1 1
github.com/dominikschlosser/oid4vc-dev/internal/output/printer.go:58.45,60.9 2 1
github.com/dominikschlosser/oid4vc-dev/internal/output/printer.go:61.19,63.18 2 1
github.com/dominikschlosser/oid4vc-dev/internal/output/printer.go:63.18,65.4 1 0
github.com/dominikschlosser/oid4vc-dev/internal/output/printer.go:66.3,66.42 1 1
github.com/dominikschlosser/oid4vc-dev/internal/output/printer.go:67.18,69.38 2 1
github.com/dominikschlosser/oid4vc-dev/internal/output/printer.go:70.16,71.17 1 1
github.com/dominikschlosser/oid4vc-dev/internal/output/printer.go:72.24,73.49 1 1
github.com/dominikschlosser/oid4vc-dev/internal/output/printer.go:74.22,75.18 1 1
github.com/dominikschlosser/oid4vc-dev/internal/output/printer.go:76.26,77.53 1 1
github.com/dominikschlosser/oid4vc-dev/internal/output/printer.go:78.10,79.20 1 1
github.com/dominikschlosser/oid4vc-dev/internal/output/printer.go:84.56,92.29 2 1
github.com/dominikschlosser/oid4vc-dev/internal/output/printer.go:92.29,94.3 1 1
github.com/dominikschlosser/oid4vc-dev/internal/output/printer.go:95.2,95.32 1 1
github.com/dominikschlosser/oid4vc-dev/internal/output/printer.go:95.32,100.3 1 1
github.com/dominikschlosser/oid4vc-dev/internal/output/printer.go:101.2,101.12 1 1
github.com/dominikschlosser/oid4vc-dev/internal/output/printer.go:105.51,106.15 1 0
github.com/dominikschlosser/oid4vc-dev/internal/output/printer.go:106.15,109.3 2 0
github.com/dominikschlosser/oid4vc-dev/internal/output/printer.go:111.2,123.32 7 0
github.com/dominikschlosser/oid4vc-dev/internal/output/printer.go:123.32,125.39 2 0
github.com/dominikschlosser/oid4vc-dev/internal/output/printer.go:125.39,126.22 1 0
github.com/dominikschlosser/oid4vc-dev/internal/output/printer.go:126.22,130.5 3 0
github.com/dominikschlosser/oid4vc-dev/internal/output/printer.go:130.10,134.5 3 0
github.com/dominikschlosser/oid4vc-dev/internal/output/printer.go:135.4,135.20 1 0
github.com/dominikschlosser/oid4vc-dev/internal/output/printer.go:135.20,137.5 1 0
github.com/dominikschlosser/oid4vc-dev/internal/output/printer.go:142.2,142.29 1 0
github.com/dominikschlosser/oid4vc-dev/internal/output/printer.go:142.29,144.36 2 0
github.com/dominikschlosser/oid4vc-dev/internal/output/printer.go:144.36,146.4 1 0
github.com/dominikschlosser/oid4vc-dev/internal/output/printer.go:150.2,150.32 1 0
github.com/dominikschlosser/oid4vc-dev/internal/output/printer.go:150.32,153.3 2 0
github.com/dominikschlosser/oid4vc-dev/internal/output/printer.go:156.2,156.58 1 0
github.com/dominikschlosser/oid4vc-dev/internal/output/printer.go:156.58,159.3 2 0
github.com/dominikschlosser/oid4vc-dev/internal/output/printer.go:161.2,161.15 1 0
github.com/dominikschlosser/oid4vc-dev/internal/output/printer.go:165.54,171.2 1 1
github.com/dominikschlosser/oid4vc-dev/internal/output/printer.go:174.49,175.15 1 0
github.com/dominikschlosser/oid4vc-dev/internal/output/printer.go:175.15,178.3 2 0
github.com/dominikschlosser/oid4vc-dev/internal/output/printer.go:180.2,191.15 7 0
github.com/dominikschlosser/oid4vc-dev/internal/output/printer.go:195.55,201.56 2 1
github.com/dominikschlosser/oid4vc-dev/internal/output/printer.go:201.56,208.30 3 1
github.com/dominikschlosser/oid4vc-dev/internal/output/printer.go:208.30,210.38 2 1
github.com/dominikschlosser/oid4vc-dev/internal/output/printer.go:210.38,212.5 1 1
github.com/dominikschlosser/oid4vc-dev/internal/output/printer.go:213.4,213.41 1 1
github.com/dominikschlosser/oid4vc-dev/internal/output/printer.go:213.41,215.5 1 1
github.com/dominikschlosser/oid4vc-dev/internal/output/printer.go:216.4,216.42 1 1
github.com/dominikschlosser/oid4vc-dev/internal/output/printer.go:216.42,218.5 1 1
github.com/dominikschlosser/oid4vc-dev/internal/output/printer.go:219.4,219.31 1 1
github.com/dominikschlosser/oid4vc-dev/internal/output/printer.go:221.3,221.24 1 1
github.com/dominikschlosser/oid4vc-dev/internal/output/printer.go:221.24,223.4 1 1
github.com/dominikschlosser/oid4vc-dev/internal/output/printer.go:224.3,224.31 1 1
github.com/dominikschlosser/oid4vc-dev/internal/output/printer.go:224.31,226.4 1 1
github.com/dominikschlosser/oid4vc-dev/internal/output/printer.go:227.3,227.22 1 1
github.com/dominikschlosser/oid4vc-dev/internal/output/printer.go:229.2,229.67 1 1
github.com/dominikschlosser/oid4vc-dev/internal/output/printer.go:229.67,231.3 1 1
github.com/dominikschlosser/oid4vc-dev/internal/output/printer.go:232.2,232.12 1 1
github.com/dominikschlosser/oid4vc-dev/internal/output/printer.go:236.50,237.15 1 0
github.com/dominikschlosser/oid4vc-dev/internal/output/printer.go:237.15,240.3 2 0
github.com/dominikschlosser/oid4vc-dev/internal/output/printer.go:242.2,245.26 3 0
github.com/dominikschlosser/oid4vc-dev/internal/output/printer.go:245.26,247.3 1 0
github.com/dominikschlosser/oid4vc-dev/internal/output/printer.go:249.2,252.56 3 0
github.com/dominikschlosser/oid4vc-dev/internal/output/printer.go:252.56,254.24 2 0
github.com/dominikschlosser/oid4vc-dev/internal/output/printer.go:254.24,256.4 1 0
github.com/dominikschlosser/oid4vc-dev/internal/output/printer.go:257.3,258.30 2 0
github.com/dominikschlosser/oid4vc-dev/internal/output/printer.go:258.30,259.38 1 0
github.com/dominikschlosser/oid4vc-dev/internal/output/printer.go:259.38,261.5 1 0
github.com/dominikschlosser/oid4vc-dev/internal/output/printer.go:262.4,262.41 1 0
github.com/dominikschlosser/oid4vc-dev/internal/output/printer.go:262.41,264.5 1 0
github.com/dominikschlosser/oid4vc-dev/internal/output/printer.go:265.4,265.42 1 0
github.com/dominikschlosser/oid4vc-dev/internal/output/printer.go:265.42,267.5 1 0
github.com/dominikschlosser/oid4vc-dev/internal/output/printer.go:271.3,271.24 1 0
github.com/dominikschlosser/oid4vc-dev/internal/output/printer.go:271.24,274.4 2 0
github.com/dominikschlosser/oid4vc-dev/internal/output/printer.go:277.3,277.47 1 0
github.com/dominikschlosser/oid4vc-dev/internal/output/printer.go:277.47,280.4 2 0
github.com/dominikschlosser/oid4vc-dev/internal/output/printer.go:284.2,285.32 2 0
github.com/dominikschlosser/oid4vc-dev/internal/output/printer.go:285.32,289.41 3 0
github.com/dominikschlosser/oid4vc-dev/internal/output/printer.go:289.41,291.4 1 0
github.com/dominikschlosser/oid4vc-dev/internal/output/printer.go:292.3,292.30 1 0
github.com/dominikschlosser/oid4vc-dev/internal/output/printer.go:292.30,295.20 3 0
github.com/dominikschlosser/oid4vc-dev/internal/output/printer.go:295.20,297.5 1 0
github.com/dominikschlosser/oid4vc-dev/internal/output/printer.go:302.2,302.67 1 0
github.com/dominikschlosser/oid4vc-dev/internal/output/printer.go:302.67,305.3 2 0
github.com/dominikschlosser/oid4vc-dev/internal/output/printer.go:307.2,307.15 1 0
github.com/dominikschlosser/oid4vc-dev/internal/output/printer.go:311.66,312.15 1 0
github.com/dominikschlosser/oid4vc-dev/internal/output/printer.go:312.15,315.3 2 0
github.com/dominikschlosser/oid4vc-dev/internal/output/printer.go:317.2,318.22 2 0
github.com/dominikschlosser/oid4vc-dev/internal/output/printer.go:318.22,320.3 1 0
github.com/dominikschlosser/oid4vc-dev/internal/output/printer.go:320.8,322.3 1 0
github.com/dominikschlosser/oid4vc-dev/internal/output/printer.go:324.2,325.19 2 0
github.com/dominikschlosser/oid4vc-dev/internal/output/printer.go:325.19,327.3 1 0
github.com/dominikschlosser/oid4vc-dev/internal/output/printer.go:328.2,328.20 1 0
github.com/dominikschlosser/oid4vc-dev/internal/output/printer.go:328.20,330.3 1 0
github.com/dominikschlosser/oid4vc-dev/internal/output/printer.go:332.2,332.23 1 0
github.com/dominikschlosser/oid4vc-dev/internal/output/printer.go:332.23,334.3 1 0
github.com/dominikschlosser/oid4vc-dev/internal/output/printer.go:335.2,337.29 2 0
github.com/dominikschlosser/oid4vc-dev/internal/output/printer.go:337.29,339.3 1 0
github.com/dominikschlosser/oid4vc-dev/internal/output/printer.go:343.64,344.15 1 0
github.com/dominikschlosser/oid4vc-dev/internal/output/printer.go:344.15,347.3 2 0
github.com/dominikschlosser/oid4vc-dev/internal/output/printer.go:349.2,350.22 2 0
github.com/dominikschlosser/oid4vc-dev/internal/output/printer.go:350.22,352.3 1 0
github.com/dominikschlosser/oid4vc-dev/internal/output/printer.go:352.8,354.3 1 0
github.com/dominikschlosser/oid4vc-dev/internal/output/printer.go:356.2,361.29 4 0
github.com/dominikschlosser/oid4vc-dev/internal/output/printer.go:361.29,363.3 1 0
github.com/dominikschlosser/oid4vc-dev/internal/output/printer.go:366.93,367.22 1 0
github.com/dominikschlosser/oid4vc-dev/internal/output/printer.go:367.22,369.3 1 0
github.com/dominikschlosser/oid4vc-dev/internal/output/printer.go:370.2,370.20 1 0
github.com/dominikschlosser/oid4vc-dev/internal/output/printer.go:370.20,373.14 3 0
github.com/dominikschlosser/oid4vc-dev/internal/output/printer.go:373.14,376.4 2 0
github.com/dominikschlosser/oid4vc-dev/internal/output/printer.go:376.9,378.4 1 0
github.com/dominikschlosser/oid4vc-dev/internal/output/printer.go:380.2,380.17 1 0
github.com/dominikschlosser/oid4vc-dev/internal/output/printer.go:380.17,382.3 1 0
github.com/dominikschlosser/oid4vc-dev/internal/output/printer.go:385.33,388.2 2 1
github.com/dominikschlosser/oid4vc-dev/internal/output/printer.go:390.45,394.2 3 1
github.com/dominikschlosser/oid4vc-dev/internal/output/printer.go:398.89,399.13 1 1
github.com/dominikschlosser/oid4vc-dev/internal/output/printer.go:399.13,402.3 2 1
github.com/dominikschlosser/oid4vc-dev/internal/output/printer.go:403.2,404.31 2 1
github.com/dominikschlosser/oid4vc-dev/internal/output/printer.go:404.31,406.3 1 1
github.com/dominikschlosser/oid4vc-dev/internal/output/printer.go:407.2,409.25 3 1
github.com/dominikschlosser/oid4vc-dev/internal/output/printer.go:409.25,410.16 1 1
github.com/dominikschlosser/oid4vc-dev/internal/output/printer.go:410.16,411.35 1 1
github.com/dominikschlosser/oid4vc-dev/internal/output/printer.go:411.35,413.5 1 1
github.com/dominikschlosser/oid4vc-dev/internal/output/printer.go:414.4,414.12 1 1
github.com/dominikschlosser/oid4vc-dev/internal/output/printer.go:416.3,417.33 2 1
github.com/dominikschlosser/oid4vc-dev/internal/output/printer.go:421.45,423.19 2 1
github.com/dominikschlosser/oid4vc-dev/internal/output/printer.go:423.19,425.3 1 1
github.com/dominikschlosser/oid4vc-dev/internal/output/printer.go:426.2,429.25 3 1
github.com/dominikschlosser/oid4vc-dev/internal/output/printer.go:429.25,432.3 2 1
github.com/dominikschlosser/oid4vc-dev/internal/output/printer.go:435.32,436.25 1 1
github.com/dominikschlosser/oid4vc-dev/internal/output/printer.go:437.14,438.13 1 1
github.com/dominikschlosser/oid4vc-dev/internal/output/printer.go:439.15,440.33 1 0
github.com/dominikschlosser/oid4vc-dev/internal/output/printer.go:440.33,442.4 1 0
github.com/dominikschlosser/oid4vc-dev/internal/output/printer.go:443.3,443.32 1 0
github.com/dominikschlosser/oid4vc-dev/internal/output/printer.go:444.12,445.10 1 0
github.com/dominikschlosser/oid4vc-dev/internal/output/printer.go:445.10,447.4 1 0
github.com/dominikschlosser/oid4vc-dev/internal/output/printer.go:448.3,448.17 1 0
github.com/dominikschlosser/oid4vc-dev/internal/output/printer.go:449.11,450.16 1 0
github.com/dominikschlosser/oid4vc-dev/internal/output/printer.go:451.14,452.45 1 0
github.com/dominikschlosser/oid4vc-dev/internal/output/printer.go:453.22,455.19 2 0
github.com/dominikschlosser/oid4vc-dev/internal/output/printer.go:456.13,457.25 1 1
github.com/dominikschlosser/oid4vc-dev/internal/output/printer.go:457.25,460.4 2 1
github.com/dominikschlosser/oid4vc-dev/internal/output/printer.go:461.3,462.19 2 0
github.com/dominikschlosser/oid4vc-dev/internal/output/printer.go:463.10,465.19 2 0
github.com/dominikschlosser/oid4vc-dev/internal/output/printer.go:469.36,470.24 1 1
github.com/dominikschlosser/oid4vc-dev/internal/output/printer.go:470.24,471.19 1 1
github.com/dominikschlosser/oid4vc-dev/internal/output/printer.go:472.30,473.16 1 0
github.com/dominikschlosser/oid4vc-dev/internal/output/printer.go:476.2,476.13 1 1
github.com/dominikschlosser/oid4vc-dev/internal/output/printer.go:479.77,481.32 2 1
github.com/dominikschlosser/oid4vc-dev/internal/output/printer.go:481.32,489.3 1 1
github.com/dominikschlosser/oid4vc-dev/internal/output/printer.go:490.2,490.15 1 1
github.com/dominikschlosser/oid4vc-dev/internal/output/printer.go:493.62,495.40 2 1
github.com/dominikschlosser/oid4vc-dev/internal/output/printer.go:495.40,497.30 2 1
github.com/dominikschlosser/oid4vc-dev/internal/output/printer.go:497.30,499.4 1 1
github.com/dominikschlosser/oid4vc-dev/internal/output/printer.go:500.3,500.24 1 1
github.com/dominikschlosser/oid4vc-dev/internal/output/printer.go:502.2,502.15 1 1
github.com/dominikschlosser/oid4vc-dev/internal/output/printer.go:505.49,507.19 2 1
github.com/dominikschlosser/oid4vc-dev/internal/output/printer.go:507.19,509.3 1 1
github.com/dominikschlosser/oid4vc-dev/internal/output/printer.go:510.2,511.13 2 1
github.com/dominikschlosser/oid4vc-dev/internal/output/printer.go:515.77,522.42 3 1
github.com/dominikschlosser/oid4vc-dev/internal/output/printer.go:522.42,526.33 2 1
github.com/dominikschlosser/oid4vc-dev/internal/output/printer.go:526.33,528.4 1 1
github.com/dominikschlosser/oid4vc-dev/internal/output/printer.go:529.3,529.75 1 1
github.com/dominikschlosser/oid4vc-dev/internal/output/printer.go:531.2,531.76 1 1
github.com/dominikschlosser/oid4vc-dev/internal/output/printer.go:531.76,533.43 2 1
github.com/dominikschlosser/oid4vc-dev/internal/output/printer.go:533.43,535.4 1 0
github.com/dominikschlosser/oid4vc-dev/internal/output/printer.go:536.3,536.37 1 1
github.com/dominikschlosser/oid4vc-dev/internal/output/printer.go:536.37,538.4 1 1
github.com/dominikschlosser/oid4vc-dev/internal/output/printer.go:539.3,539.42 1 1
github.com/dominikschlosser/oid4vc-dev/internal/output/printer.go:541.2,541.21 1 1
github.com/dominikschlosser/oid4vc-dev/internal/output/printer.go:541.21,543.3 1 1
github.com/dominikschlosser/oid4vc-dev/internal/output/printer.go:544.2,544.12 1 1
github.com/dominikschlosser/oid4vc-dev/internal/output/printer.go:548.72,549.15 1 1
github.com/dominikschlosser/oid4vc-dev/internal/output/printer.go:549.15,552.3 2 1
github.com/dominikschlosser/oid4vc-dev/internal/output/printer.go:554.2,560.47 5 1
github.com/dominikschlosser/oid4vc-dev/internal/output/printer.go:560.47,562.55 2 1
github.com/dominikschlosser/oid4vc-dev/internal/output/printer.go:562.55,565.4 2 1
github.com/dominikschlosser/oid4vc-dev/internal/output/printer.go:568.2,569.15 2 1
github.com/dominikschlosser/oid4vc-dev/internal/output/printer.go:569.15,571.43 2 1
github.com/dominikschlosser/oid4vc-dev/internal/output/printer.go:571.43,573.34 2 1
github.com/dominikschlosser/oid4vc-dev/internal/output/printer.go:573.34,575.67 2 1
github.com/dominikschlosser/oid4vc-dev/internal/output/printer.go:575.67,577.6 1 1
github.com/dominikschlosser/oid4vc-dev/internal/output/printer.go:578.5,578.66 1 1
github.com/dominikschlosser/oid4vc-dev/internal/output/printer.go:578.66,580.6 1 1
github.com/dominikschlosser/oid4vc-dev/internal/output/printer.go:581.5,581.68 1 1
github.com/dominikschlosser/oid4vc-dev/internal/output/printer.go:581.68,583.6 1 0
github.com/dominikschlosser/oid4vc-dev/internal/output/printer.go:584.5,584.53 1 1
github.com/dominikschlosser/oid4vc-dev/internal/output/printer.go:587.3,587.43 1 1
github.com/dominikschlosser/oid4vc-dev/internal/output/printer.go:587.43,589.4 1 0
github.com/dominikschlosser/oid4vc-dev/internal/output/printer.go:590.3,590.37 1 1
github.com/dominikschlosser/oid4vc-dev/internal/output/printer.go:590.37,592.4 1 0
github.com/dominikschlosser/oid4vc-dev/internal/output/printer.go:595.2,595.43 1 1
github.com/dominikschlosser/oid4vc-dev/internal/output/printer.go:595.43,598.3 2 0
github.com/dominikschlosser/oid4vc-dev/internal/output/printer.go:600.2,600.15 1 1
github.com/dominikschlosser/oid4vc-dev/internal/output/printer.go:604.85,608.24 2 1
github.com/dominikschlosser/oid4vc-dev/internal/output/printer.go:608.24,610.3 1 1
github.com/dominikschlosser/oid4vc-dev/internal/output/printer.go:611.2,611.28 1 1
github.com/dominikschlosser/oid4vc-dev/internal/output/printer.go:611.28,613.3 1 1
github.com/dominikschlosser/oid4vc-dev/internal/output/printer.go:614.2,614.28 1 1
github.com/dominikschlosser/oid4vc-dev/internal/output/printer.go:614.28,616.3 1 1
github.com/dominikschlosser/oid4vc-dev/internal/output/printer.go:617.2,617.21 1 1
github.com/dominikschlosser/oid4vc-dev/internal/output/printer.go:617.21,619.3 1 1
github.com/dominikschlosser/oid4vc-dev/internal/output/printer.go:620.2,620.21 1 1
github.com/dominikschlosser/oid4vc-dev/internal/output/printer.go:620.21,622.3 1 1
github.com/dominikschlosser/oid4vc-dev/internal/output/printer.go:623.2,623.27 1 1
github.com/dominikschlosser/oid4vc-dev/internal/output/printer.go:623.27,625.3 1 0
github.com/dominikschlosser/oid4vc-dev/internal/output/printer.go:626.2,626.27 1 1
github.com/dominikschlosser/oid4vc-dev/internal/output/printer.go:626.27,628.3 1 1
github.com/dominikschlosser/oid4vc-dev/internal/output/printer.go:629.2,629.21 1 1
github.com/dominikschlosser/oid4vc-dev/internal/output/printer.go:629.21,631.3 1 0
github.com/dominikschlosser/oid4vc-dev/internal/output/printer.go:632.2,632.30 1 1
github.com/dominikschlosser/oid4vc-dev/internal/output/printer.go:632.30,637.3 1 1
github.com/dominikschlosser/oid4vc-dev/internal/output/printer.go:638.2,638.30 1 1
github.com/dominikschlosser/oid4vc-dev/internal/output/printer.go:638.30,639.27 1 1
github.com/dominikschlosser/oid4vc-dev/internal/output/printer.go:639.27,641.4 1 1
github.com/dominikschlosser/oid4vc-dev/internal/output/printer.go:643.2,643.12 1 1
github.com/dominikschlosser/oid4vc-dev/internal/output/printer.go:647.80,648.15 1 1
github.com/dominikschlosser/oid4vc-dev/internal/output/printer.go:648.15,651.3 2 1
github.com/dominikschlosser/oid4vc-dev/internal/output/printer.go:653.2,657.24 4 1
github.com/dominikschlosser/oid4vc-dev/internal/output/printer.go:657.24,659.3 1 1
github.com/dominikschlosser/oid4vc-dev/internal/output/printer.go:660.2,660.28 1 1
github.com/dominikschlosser/oid4vc-dev/internal/output/printer.go:660.28,662.3 1 1
github.com/dominikschlosser/oid4vc-dev/internal/output/printer.go:663.2,663.28 1 1
github.com/dominikschlosser/oid4vc-dev/internal/output/printer.go:663.28,665.3 1 1
github.com/dominikschlosser/oid4vc-dev/internal/output/printer.go:666.2,666.27 1 1
github.com/dominikschlosser/oid4vc-dev/internal/output/printer.go:666.27,668.3 1 0
github.com/dominikschlosser/oid4vc-dev/internal/output/printer.go:669.2,669.27 1 1
github.com/dominikschlosser/oid4vc-dev/internal/output/printer.go:669.27,671.3 1 1
github.com/dominikschlosser/oid4vc-dev/internal/output/printer.go:672.2,672.21 1 1
github.com/dominikschlosser/oid4vc-dev/internal/output/printer.go:672.21,674.3 1 0
github.com/dominikschlosser/oid4vc-dev/internal/output/printer.go:676.2,676.40 1 1
github.com/dominikschlosser/oid4vc-dev/internal/output/printer.go:676.40,678.22 2 1
github.com/dominikschlosser/oid4vc-dev/internal/output/printer.go:678.22,680.4 1 1
github.com/dominikschlosser/oid4vc-dev/internal/output/printer.go:681.3,681.22 1 1
github.com/dominikschlosser/oid4vc-dev/internal/output/printer.go:681.22,683.4 1 1
github.com/dominikschlosser/oid4vc-dev/internal/output/printer.go:686.2,686.30 1 1
github.com/dominikschlosser/oid4vc-dev/internal/output/printer.go:686.30,692.3 5 1
github.com/dominikschlosser/oid4vc-dev/internal/output/printer.go:696.2,696.30 1 1
github.com/dominikschlosser/oid4vc-dev/internal/output/printer.go:696.30,697.27 1 1
github.com/dominikschlosser/oid4vc-dev/internal/output/printer.go:697.27,701.4 3 1
github.com/dominikschlosser/oid4vc-dev/internal/output/printer.go:704.2,704.45 1 1
github.com/dominikschlosser/oid4vc-dev/internal/output/printer.go:704.45,706.48 2 0
github.com/dominikschlosser/oid4vc-dev/internal/output/printer.go:706.48,708.4 1 0
github.com/dominikschlosser/oid4vc-dev/internal/output/printer.go:711.2,711.15 1 1
github.com/dominikschlosser/oid4vc-dev/internal/output/printer.go:715.65,720.26 2 0
github.com/dominikschlosser/oid4vc-dev/internal/output/printer.go:720.26,726.3 1 0
github.com/dominikschlosser/oid4vc-dev/internal/output/printer.go:727.2,728.32 2 0
github.com/dominikschlosser/oid4vc-dev/internal/output/printer.go:728.32,731.32 3 0
github.com/dominikschlosser/oid4vc-dev/internal/output/printer.go:731.32,734.37 3 0
github.com/dominikschlosser/oid4vc-dev/internal/output/printer.go:734.37,741.5 1 0
github.com/dominikschlosser/oid4vc-dev/internal/output/printer.go:742.4,743.36 2 0
github.com/dominikschlosser/oid4vc-dev/internal/output/printer.go:745.3,746.38 2 0
github.com/dominikschlosser/oid4vc-dev/internal/output/printer.go:748.2,749.12 2 0
github.com/dominikschlosser/oid4vc-dev/internal/output/printer.go:753.60,754.15 1 0
github.com/dominikschlosser/oid4vc-dev/internal/output/printer.go:754.15,757.3 2 0
github.com/dominikschlosser/oid4vc-dev/internal/output/printer.go:759.2,762.26 3 0
github.com/dominikschlosser/oid4vc-dev/internal/output/printer.go:762.26,766.3 3 0
github.com/dominikschlosser/oid4vc-dev/internal/output/printer.go:768.2,768.46 1 0
github.com/dominikschlosser/oid4vc-dev/internal/output/printer.go:768.46,770.3 1 0
github.com/dominikschlosser/oid4vc-dev/internal/output/printer.go:772.2,773.32 2 0
github.com/dominikschlosser/oid4vc-dev/internal/output/printer.go:773.32,775.32 2 0
github.com/dominikschlosser/oid4vc-dev/internal/output/printer.go:775.32,777.37 2 0
github.com/dominikschlosser/oid4vc-dev/internal/output/printer.go:777.37,781.5 3 0
github.com/dominikschlosser/oid4vc-dev/internal/output/printer.go:784.2,784.15 1 0
github.com/dominikschlosser/oid4vc-dev/internal/output/printer.go:788.29,790.2 1 0
github.com/dominikschlosser/oid4vc-dev/internal/statuslist/checker.go:40.57,42.9 2 1
github.com/dominikschlosser/oid4vc-dev/internal/statuslist/checker.go:42.9,44.3 1 1
github.com/dominikschlosser/oid4vc-dev/internal/statuslist/checker.go:45.2,46.9 2 1
github.com/dominikschlosser/oid4vc-dev/internal/statuslist/checker.go:46.9,48.3 1 1
github.com/dominikschlosser/oid4vc-dev/internal/statuslist/checker.go:50.2,51.39 2 1
github.com/dominikschlosser/oid4vc-dev/internal/statuslist/checker.go:51.39,53.3 1 1
github.com/dominikschlosser/oid4vc-dev/internal/statuslist/checker.go:54.2,54.31 1 1
github.com/dominikschlosser/oid4vc-dev/internal/statuslist/checker.go:55.15,56.19 1 1
github.com/dominikschlosser/oid4vc-dev/internal/statuslist/checker.go:57.13,58.19 1 1
github.com/dominikschlosser/oid4vc-dev/internal/statuslist/checker.go:59.11,60.14 1 0
github.com/dominikschlosser/oid4vc-dev/internal/statuslist/checker.go:63.2,63.19 1 1
github.com/dominikschlosser/oid4vc-dev/internal/statuslist/checker.go:63.19,65.3 1 1
github.com/dominikschlosser/oid4vc-dev/internal/statuslist/checker.go:66.2,66.12 1 1
github.com/dominikschlosser/oid4vc-dev/internal/statuslist/checker.go:70.51,72.2 1 1
github.com/dominikschlosser/oid4vc-dev/internal/statuslist/checker.go:77.81,85.16 3 1
github.com/dominikschlosser/oid4vc-dev/internal/statuslist/checker.go:85.16,87.3 1 0
github.com/dominikschlosser/oid4vc-dev/internal/statuslist/checker.go:88.2,91.16 3 1
github.com/dominikschlosser/oid4vc-dev/internal/statuslist/checker.go:91.16,93.3 1 0
github.com/dominikschlosser/oid4vc-dev/internal/statuslist/checker.go:94.2,96.28 2 1
github.com/dominikschlosser/oid4vc-dev/internal/statuslist/checker.go:96.28,98.3 1 1
github.com/dominikschlosser/oid4vc-dev/internal/statuslist/checker.go:100.2,101.16 2 1
github.com/dominikschlosser/oid4vc-dev/internal/statuslist/checker.go:101.16,103.3 1 0
github.com/dominikschlosser/oid4vc-dev/internal/statuslist/checker.go:105.2,107.21 3 1
github.com/dominikschlosser/oid4vc-dev/internal/statuslist/checker.go:107.21,109.3 1 0
github.com/dominikschlosser/oid4vc-dev/internal/statuslist/checker.go:112.2,113.16 2 1
github.com/dominikschlosser/oid4vc-dev/internal/statuslist/checker.go:113.16,115.3 1 0
github.com/dominikschlosser/oid4vc-dev/internal/statuslist/checker.go:116.2,117.61 2 1
github.com/dominikschlosser/oid4vc-dev/internal/statuslist/checker.go:117.61,119.3 1 0
github.com/dominikschlosser/oid4vc-dev/internal/statuslist/checker.go:122.2,122.34 1 1
github.com/dominikschlosser/oid4vc-dev/internal/statuslist/checker.go:122.34,126.3 3 1
github.com/dominikschlosser/oid4vc-dev/internal/statuslist/checker.go:129.2,130.16 2 1
github.com/dominikschlosser/oid4vc-dev/internal/statuslist/checker.go:130.16,132.3 1 0
github.com/dominikschlosser/oid4vc-dev/internal/statuslist/checker.go:134.2,135.63 2 1
github.com/dominikschlosser/oid4vc-dev/internal/statuslist/checker.go:135.63,137.3 1 0
github.com/dominikschlosser/oid4vc-dev/internal/statuslist/checker.go:139.2,140.9 2 1
github.com/dominikschlosser/oid4vc-dev/internal/statuslist/checker.go:140.9,142.3 1 0
github.com/dominikschlosser/oid4vc-dev/internal/statuslist/checker.go:144.2,145.39 2 1
github.com/dominikschlosser/oid4vc-dev/internal/statuslist/checker.go:145.39,147.3 1 1
github.com/dominikschlosser/oid4vc-dev/internal/statuslist/checker.go:148.2,151.9 3 1
github.com/dominikschlosser/oid4vc-dev/internal/statuslist/checker.go:151.9,153.3 1 0
github.com/dominikschlosser/oid4vc-dev/internal/statuslist/checker.go:156.2,157.16 2 1
github.com/dominikschlosser/oid4vc-dev/internal/statuslist/checker.go:157.16,159.3 1 0
github.com/dominikschlosser/oid4vc-dev/internal/statuslist/checker.go:161.2,162.16 2 1
github.com/dominikschlosser/oid4vc-dev/internal/statuslist/checker.go:162.16,164.3 1 0
github.com/dominikschlosser/oid4vc-dev/internal/statuslist/checker.go:167.2,168.16 2 1
github.com/dominikschlosser/oid4vc-dev/internal/statuslist/checker.go:168.16,170.3 1 0
github.com/dominikschlosser/oid4vc-dev/internal/statuslist/checker.go:172.2,175.20 3 1
github.com/dominikschlosser/oid4vc-dev/internal/statuslist/checker.go:180.110,183.29 2 1
github.com/dominikschlosser/oid4vc-dev/internal/statuslist/checker.go:183.29,185.3 1 1
github.com/dominikschlosser/oid4vc-dev/internal/statuslist/checker.go:188.2,189.31 2 1
[...]
github.com/dominikschlosser/oid4vc-dev/internal/wallet/store.go:52.46,53.15 1 1
github.com/dominikschlosser/oid4vc-dev/internal/wallet/store.go:53.15,55.3 1 1
github.com/dominikschlosser/oid4vc-dev/internal/wallet/store.go:56.2,56.31 1 1
github.com/dominikschlosser/oid4vc-dev/internal/wallet/store.go:60.41,62.2 1 1
github.com/dominikschlosser/oid4vc-dev/internal/wallet/store.go:65.43,67.2 1 1
github.com/dominikschlosser/oid4vc-dev/internal/wallet/store.go:70.46,72.2 1 1
github.com/dominikschlosser/oid4vc-dev/internal/wallet/store.go:75.46,77.2 1 1
github.com/dominikschlosser/oid4vc-dev/internal/wallet/store.go:81.55,82.38 1 1
github.com/dominikschlosser/oid4vc-dev/internal/wallet/store.go:82.38,84.3 1 0
github.com/dominikschlosser/oid4vc-dev/internal/wallet/store.go:86.2,87.16 2 1
github.com/dominikschlosser/oid4vc-dev/internal/wallet/store.go:87.16,89.3 1 0
github.com/dominikschlosser/oid4vc-dev/internal/wallet/store.go:91.2,94.16 3 1
github.com/dominikschlosser/oid4vc-dev/internal/wallet/store.go:94.16,95.25 1 1
github.com/dominikschlosser/oid4vc-dev/internal/wallet/store.go:95.25,97.4 1 1
github.com/dominikschlosser/oid4vc-dev/internal/wallet/store.go:98.3,98.57 1 0
github.com/dominikschlosser/oid4vc-dev/internal/wallet/store.go:101.2,102.50 2 1
github.com/dominikschlosser/oid4vc-dev/internal/wallet/store.go:102.50,104.3 1 0
github.com/dominikschlosser/oid4vc-dev/internal/wallet/store.go:106.2,111.31 4 1
github.com/dominikschlosser/oid4vc-dev/internal/wallet/store.go:111.31,112.54 1 1
github.com/dominikschlosser/oid4vc-dev/internal/wallet/store.go:112.54,114.4 1 0
github.com/dominikschlosser/oid4vc-dev/internal/wallet/store.go:117.2,117.15 1 1
github.com/dominikschlosser/oid4vc-dev/internal/wallet/store.go:121.45,122.38 1 1
github.com/dominikschlosser/oid4vc-dev/internal/wallet/store.go:122.38,124.3 1 0
github.com/dominikschlosser/oid4vc-dev/internal/wallet/store.go:126.2,138.16 8 1
github.com/dominikschlosser/oid4vc-dev/internal/wallet/store.go:138.16,140.3 1 0
github.com/dominikschlosser/oid4vc-dev/internal/wallet/store.go:142.2,142.49 1 1
github.com/dominikschlosser/oid4vc-dev/internal/wallet/store.go:146.88,147.38 1 1
github.com/dominikschlosser/oid4vc-dev/internal/wallet/store.go:147.38,149.3 1 0
github.com/dominikschlosser/oid4vc-dev/internal/wallet/store.go:151.2,152.16 2 1
github.com/dominikschlosser/oid4vc-dev/internal/wallet/store.go:152.16,154.3 1 0
github.com/dominikschlosser/oid4vc-dev/internal/wallet/store.go:156.2,157.16 2 1
github.com/dominikschlosser/oid4vc-dev/internal/wallet/store.go:157.16,159.3 1 0
github.com/dominikschlosser/oid4vc-dev/internal/wallet/store.go:161.2,161.34 1 1
github.com/dominikschlosser/oid4vc-dev/internal/wallet/store.go:165.88,167.16 2 1
github.com/dominikschlosser/oid4vc-dev/internal/wallet/store.go:167.16,169.3 1 1
github.com/dominikschlosser/oid4vc-dev/internal/wallet/store.go:171.2,171.25 1 1
github.com/dominikschlosser/oid4vc-dev/internal/wallet/store.go:171.25,173.3 1 0
github.com/dominikschlosser/oid4vc-dev/internal/wallet/store.go:176.2,177.16 2 1
github.com/dominikschlosser/oid4vc-dev/internal/wallet/store.go:177.16,179.3 1 0
github.com/dominikschlosser/oid4vc-dev/internal/wallet/store.go:181.2,181.46 1 1
github.com/dominikschlosser/oid4vc-dev/internal/wallet/store.go:181.46,183.3 1 0
github.com/dominikschlosser/oid4vc-dev/internal/wallet/store.go:185.2,186.17 2 1
github.com/dominikschlosser/oid4vc-dev/internal/wallet/store.go:190.72,192.18 2 1
github.com/dominikschlosser/oid4vc-dev/internal/wallet/store.go:192.18,194.3 1 0
github.com/dominikschlosser/oid4vc-dev/internal/wallet/store.go:197.2,198.16 2 1
github.com/dominikschlosser/oid4vc-dev/internal/wallet/store.go:198.16,199.47 1 0
github.com/dominikschlosser/oid4vc-dev/internal/wallet/store.go:199.47,201.4 1 0
github.com/dominikschlosser/oid4vc-dev/internal/wallet/store.go:202.3,202.57 1 0
github.com/dominikschlosser/oid4vc-dev/internal/wallet/store.go:206.2,207.16 2 1
github.com/dominikschlosser/oid4vc-dev/internal/wallet/store.go:207.16,209.3 1 0
github.com/dominikschlosser/oid4vc-dev/internal/wallet/store.go:210.2,210.19 1 1
github.com/dominikschlosser/oid4vc-dev/internal/wallet/store.go:214.59,216.16 2 1
github.com/dominikschlosser/oid4vc-dev/internal/wallet/store.go:216.16,218.3 1 0
github.com/dominikschlosser/oid4vc-dev/internal/wallet/store.go:220.2,225.60 2 1
github.com/dominikschlosser/oid4vc-dev/internal/wallet/trustlist.go:33.99,79.16 5 1
github.com/dominikschlosser/oid4vc-dev/internal/wallet/trustlist.go:79.16,81.3 1 0
github.com/dominikschlosser/oid4vc-dev/internal/wallet/trustlist.go:82.2,83.16 2 1
github.com/dominikschlosser/oid4vc-dev/internal/wallet/trustlist.go:83.16,85.3 1 0
github.com/dominikschlosser/oid4vc-dev/internal/wallet/trustlist.go:87.2,95.16 6 1
github.com/dominikschlosser/oid4vc-dev/internal/wallet/trustlist.go:95.16,97.3 1 0
github.com/dominikschlosser/oid4vc-dev/internal/wallet/trustlist.go:99.2,108.57 8 1
github.com/dominikschlosser/oid4vc-dev/internal/wallet/wallet.go:156.75,167.16 3 1
github.com/dominikschlosser/oid4vc-dev/internal/wallet/wallet.go:167.16,170.3 2 0
github.com/dominikschlosser/oid4vc-dev/internal/wallet/wallet.go:172.2,173.16 2 1
github.com/dominikschlosser/oid4vc-dev/internal/wallet/wallet.go:173.16,176.3 2 0
github.com/dominikschlosser/oid4vc-dev/internal/wallet/wallet.go:178.2,179.16 2 1
github.com/dominikschlosser/oid4vc-dev/internal/wallet/wallet.go:179.16,182.3 2 0
github.com/dominikschlosser/oid4vc-dev/internal/wallet/wallet.go:184.2,187.10 3 1
github.com/dominikschlosser/oid4vc-dev/internal/wallet/wallet.go:194.94,195.15 1 1
github.com/dominikschlosser/oid4vc-dev/internal/wallet/wallet.go:195.15,197.3 1 1
github.com/dominikschlosser/oid4vc-dev/internal/wallet/wallet.go:198.2,202.40 4 1
github.com/dominikschlosser/oid4vc-dev/internal/wallet/wallet.go:202.40,204.3 1 1
github.com/dominikschlosser/oid4vc-dev/internal/wallet/wallet.go:205.2,205.35 1 1
github.com/dominikschlosser/oid4vc-dev/internal/wallet/wallet.go:205.35,207.3 1 1
github.com/dominikschlosser/oid4vc-dev/internal/wallet/wallet.go:209.2,210.39 2 1
github.com/dominikschlosser/oid4vc-dev/internal/wallet/wallet.go:210.39,212.3 1 1
github.com/dominikschlosser/oid4vc-dev/internal/wallet/wallet.go:213.2,213.35 1 1
github.com/dominikschlosser/oid4vc-dev/internal/wallet/wallet.go:213.35,215.3 1 1
github.com/dominikschlosser/oid4vc-dev/internal/wallet/wallet.go:218.2,223.24 4 1
github.com/dominikschlosser/oid4vc-dev/internal/wallet/wallet.go:223.24,225.3 1 1
github.com/dominikschlosser/oid4vc-dev/internal/wallet/wallet.go:227.2,239.21 3 1
github.com/dominikschlosser/oid4vc-dev/internal/wallet/wallet.go:239.21,243.3 3 1
github.com/dominikschlosser/oid4vc-dev/internal/wallet/wallet.go:245.2,246.16 2 1
github.com/dominikschlosser/oid4vc-dev/internal/wallet/wallet.go:246.16,248.3 1 0
github.com/dominikschlosser/oid4vc-dev/internal/wallet/wallet.go:249.2,250.16 2 1
github.com/dominikschlosser/oid4vc-dev/internal/wallet/wallet.go:250.16,252.3 1 0
github.com/dominikschlosser/oid4vc-dev/internal/wallet/wallet.go:255.2,255.21 1 1
github.com/dominikschlosser/oid4vc-dev/internal/wallet/wallet.go:255.21,257.3 1 1
github.com/dominikschlosser/oid4vc-dev/internal/wallet/wallet.go:259.2,269.21 2 1
github.com/dominikschlosser/oid4vc-dev/internal/wallet/wallet.go:269.21,273.3 3 1
github.com/dominikschlosser/oid4vc-dev/internal/wallet/wallet.go:276.2,277.16 2 1
github.com/dominikschlosser/oid4vc-dev/internal/wallet/wallet.go:277.16,279.3 1 0
github.com/dominikschlosser/oid4vc-dev/internal/wallet/wallet.go:280.2,281.16 2 1
github.com/dominikschlosser/oid4vc-dev/internal/wallet/wallet.go:281.16,283.3 1 0
github.com/dominikschlosser/oid4vc-dev/internal/wallet/wallet.go:286.2,286.21 1 1
github.com/dominikschlosser/oid4vc-dev/internal/wallet/wallet.go:286.21,288.3 1 1
github.com/dominikschlosser/oid4vc-dev/internal/wallet/wallet.go:290.2,290.12 1 1
github.com/dominikschlosser/oid4vc-dev/internal/wallet/wallet.go:294.60,298.34 4 1
github.com/dominikschlosser/oid4vc-dev/internal/wallet/wallet.go:298.34,299.99 1 1
github.com/dominikschlosser/oid4vc-dev/internal/wallet/wallet.go:299.99,300.12 1 1
github.com/dominikschlosser/oid4vc-dev/internal/wallet/wallet.go:302.3,302.33 1 1
github.com/dominikschlosser/oid4vc-dev/internal/wallet/wallet.go:304.2,304.26 1 1
github.com/dominikschlosser/oid4vc-dev/internal/wallet/wallet.go:308.51,311.34 3 1
github.com/dominikschlosser/oid4vc-dev/internal/wallet/wallet.go:311.34,312.17 1 1
github.com/dominikschlosser/oid4vc-dev/internal/wallet/wallet.go:312.17,315.4 2 1
github.com/dominikschlosser/oid4vc-dev/internal/wallet/wallet.go:317.2,317.14 1 1
github.com/dominikschlosser/oid4vc-dev/internal/wallet/wallet.go:321.54,327.2 5 1
github.com/dominikschlosser/oid4vc-dev/internal/wallet/wallet.go:330.68,333.34 3 1
github.com/dominikschlosser/oid4vc-dev/internal/wallet/wallet.go:333.34,334.17 1 1
github.com/dominikschlosser/oid4vc-dev/internal/wallet/wallet.go:334.17,336.4 1 1
github.com/dominikschlosser/oid4vc-dev/internal/wallet/wallet.go:338.2,338.34 1 1
github.com/dominikschlosser/oid4vc-dev/internal/wallet/wallet.go:342.62,351.2 3 1
github.com/dominikschlosser/oid4vc-dev/internal/wallet/wallet.go:354.38,360.2 5 1
github.com/dominikschlosser/oid4vc-dev/internal/wallet/wallet.go:363.62,365.16 2 0
github.com/dominikschlosser/oid4vc-dev/internal/wallet/wallet.go:365.16,367.3 1 0
github.com/dominikschlosser/oid4vc-dev/internal/wallet/wallet.go:368.2,369.9 2 0
github.com/dominikschlosser/oid4vc-dev/internal/wallet/wallet.go:369.9,371.3 1 0
github.com/dominikschlosser/oid4vc-dev/internal/wallet/wallet.go:372.2,372.19 1 0
github.com/dominikschlosser/oid4vc-dev/internal/wallet/wallet.go:376.59,382.17 2 1
github.com/dominikschlosser/oid4vc-dev/internal/wallet/wallet.go:382.17,384.3 1 1
github.com/dominikschlosser/oid4vc-dev/internal/wallet/wallet.go:385.2,385.21 1 1
github.com/dominikschlosser/oid4vc-dev/internal/wallet/wallet.go:385.21,387.3 1 1
github.com/dominikschlosser/oid4vc-dev/internal/wallet/wallet.go:388.2,388.16 1 1
github.com/dominikschlosser/oid4vc-dev/internal/wallet/wallet.go:392.62,401.19 2 1
github.com/dominikschlosser/oid4vc-dev/internal/wallet/wallet.go:401.19,403.3 1 1
github.com/dominikschlosser/oid4vc-dev/internal/wallet/wallet.go:404.2,404.25 1 1
github.com/dominikschlosser/oid4vc-dev/internal/wallet/wallet.go:404.25,406.3 1 1
github.com/dominikschlosser/oid4vc-dev/internal/wallet/wallet.go:407.2,407.24 1 1
github.com/dominikschlosser/oid4vc-dev/internal/wallet/wallet.go:407.24,409.3 1 1
github.com/dominikschlosser/oid4vc-dev/internal/wallet/wallet.go:410.2,410.10 1 1
github.com/dominikschlosser/oid4vc-dev/internal/wallet/wallet.go:414.52,417.26 3 1
github.com/dominikschlosser/oid4vc-dev/internal/wallet/wallet.go:417.26,419.3 1 1
github.com/dominikschlosser/oid4vc-dev/internal/wallet/wallet.go:420.2,420.32 1 1
github.com/dominikschlosser/oid4vc-dev/internal/wallet/wallet_events.go:18.60,22.35 4 1
github.com/dominikschlosser/oid4vc-dev/internal/wallet/wallet_events.go:22.35,24.3 1 1
github.com/dominikschlosser/oid4vc-dev/internal/wallet/wallet_events.go:25.2,27.26 2 1
github.com/dominikschlosser/oid4vc-dev/internal/wallet/wallet_events.go:27.26,28.10 1 1
github.com/dominikschlosser/oid4vc-dev/internal/wallet/wallet_events.go:29.18,29.18 0 1
github.com/dominikschlosser/oid4vc-dev/internal/wallet/wallet_events.go:30.11,30.11 0 0
github.com/dominikschlosser/oid4vc-dev/internal/wallet/wallet_events.go:36.64,41.2 4 0
github.com/dominikschlosser/oid4vc-dev/internal/wallet/wallet_events.go:46.76,50.36 4 1
github.com/dominikschlosser/oid4vc-dev/internal/wallet/wallet_events.go:50.36,52.3 1 1
github.com/dominikschlosser/oid4vc-dev/internal/wallet/wallet_events.go:53.2,54.18 2 1
github.com/dominikschlosser/oid4vc-dev/internal/wallet/wallet_events.go:58.57,62.31 4 1
github.com/dominikschlosser/oid4vc-dev/internal/wallet/wallet_events.go:62.31,63.28 1 1
github.com/dominikschlosser/oid4vc-dev/internal/wallet/wallet_events.go:63.28,65.4 1 1
github.com/dominikschlosser/oid4vc-dev/internal/wallet/wallet_events.go:67.2,67.12 1 1
github.com/dominikschlosser/oid4vc-dev/internal/wallet/wallet_events.go:71.63,79.20 7 1
github.com/dominikschlosser/oid4vc-dev/internal/wallet/wallet_events.go:79.20,83.7 4 1
github.com/dominikschlosser/oid4vc-dev/internal/wallet/wallet_events.go:83.7,84.11 1 1
github.com/dominikschlosser/oid4vc-dev/internal/wallet/wallet_events.go:85.14,85.14 0 0
github.com/dominikschlosser/oid4vc-dev/internal/wallet/wallet_events.go:86.12,87.11 1 1
github.com/dominikschlosser/oid4vc-dev/internal/wallet/wallet_events.go:94.65,99.29 5 1
github.com/dominikschlosser/oid4vc-dev/internal/wallet/wallet_events.go:99.29,101.3 1 1
github.com/dominikschlosser/oid4vc-dev/internal/wallet/wallet_events.go:102.2,105.20 3 1
github.com/dominikschlosser/oid4vc-dev/internal/wallet/wallet_events.go:105.20,109.7 4 1
github.com/dominikschlosser/oid4vc-dev/internal/wallet/wallet_events.go:109.7,110.11 1 1
github.com/dominikschlosser/oid4vc-dev/internal/wallet/wallet_events.go:111.14,111.14 0 0
github.com/dominikschlosser/oid4vc-dev/internal/wallet/wallet_events.go:112.12,113.11 1 1
github.com/dominikschlosser/oid4vc-dev/internal/wallet/wallet_events.go:120.47,124.38 4 1
github.com/dominikschlosser/oid4vc-dev/internal/wallet/wallet_events.go:124.38,126.3 1 1
github.com/dominikschlosser/oid4vc-dev/internal/wallet/wallet_events.go:127.2,129.26 2 1
github.com/dominikschlosser/oid4vc-dev/internal/wallet/wallet_events.go:129.26,130.10 1 1
github.com/dominikschlosser/oid4vc-dev/internal/wallet/wallet_events.go:131.18,131.18 0 1
github.com/dominikschlosser/oid4vc-dev/internal/wallet/wallet_events.go:132.11,132.11 0 0
github.com/dominikschlosser/oid4vc-dev/internal/wallet/wallet_events.go:138.46,144.2 5 1
github.com/dominikschlosser/oid4vc-dev/internal/wallet/wallet_events.go:147.53,151.2 3 1
github.com/dominikschlosser/oid4vc-dev/internal/wallet/wallet_events.go:154.56,160.2 5 1
github.com/dominikschlosser/oid4vc-dev/internal/wallet/wallet_import.go:32.74,36.32 2 1
github.com/dominikschlosser/oid4vc-dev/internal/wallet/wallet_import.go:36.32,38.17 2 1
github.com/dominikschlosser/oid4vc-dev/internal/wallet/wallet_import.go:38.17,40.4 1 0
github.com/dominikschlosser/oid4vc-dev/internal/wallet/wallet_import.go:41.3,42.19 2 1
github.com/dominikschlosser/oid4vc-dev/internal/wallet/wallet_import.go:46.2,47.35 2 1
github.com/dominikschlosser/oid4vc-dev/internal/wallet/wallet_import.go:47.35,49.17 2 1
github.com/dominikschlosser/oid4vc-dev/internal/wallet/wallet_import.go:49.17,51.4 1 1
github.com/dominikschlosser/oid4vc-dev/internal/wallet/wallet_import.go:52.3,53.19 2 1
github.com/dominikschlosser/oid4vc-dev/internal/wallet/wallet_import.go:57.2,57.34 1 1
github.com/dominikschlosser/oid4vc-dev/internal/wallet/wallet_import.go:57.34,59.17 2 1
github.com/dominikschlosser/oid4vc-dev/internal/wallet/wallet_import.go:59.17,61.4 1 0
github.com/dominikschlosser/oid4vc-dev/internal/wallet/wallet_import.go:62.3,63.19 2 1
github.com/dominikschlosser/oid4vc-dev/internal/wallet/wallet_import.go:66.2,66.88 1 0
github.com/dominikschlosser/oid4vc-dev/internal/wallet/wallet_import.go:70.76,75.2 4 1
github.com/dominikschlosser/oid4vc-dev/internal/wallet/wallet_import.go:77.69,79.16 2 1
github.com/dominikschlosser/oid4vc-dev/internal/wallet/wallet_import.go:79.16,81.3 1 0
github.com/dominikschlosser/oid4vc-dev/internal/wallet/wallet_import.go:83.2,91.50 2 1
github.com/dominikschlosser/oid4vc-dev/internal/wallet/wallet_import.go:91.50,93.3 1 1
github.com/dominikschlosser/oid4vc-dev/internal/wallet/wallet_import.go:95.2,95.38 1 1
github.com/dominikschlosser/oid4vc-dev/internal/wallet/wallet_import.go:98.72,100.16 2 1
github.com/dominikschlosser/oid4vc-dev/internal/wallet/wallet_import.go:100.16,102.3 1 0
github.com/dominikschlosser/oid4vc-dev/internal/wallet/wallet_import.go:104.2,111.44 2 1
github.com/dominikschlosser/oid4vc-dev/internal/wallet/wallet_import.go:111.44,113.3 1 1
github.com/dominikschlosser/oid4vc-dev/internal/wallet/wallet_import.go:115.2,115.38 1 1
github.com/dominikschlosser/oid4vc-dev/internal/wallet/wallet_import.go:118.68,120.16 2 1
github.com/dominikschlosser/oid4vc-dev/internal/wallet/wallet_import.go:120.16,122.3 1 1
github.com/dominikschlosser/oid4vc-dev/internal/wallet/wallet_import.go:124.2,125.40 2 1
github.com/dominikschlosser/oid4vc-dev/internal/wallet/wallet_import.go:125.40,126.30 1 1
github.com/dominikschlosser/oid4vc-dev/internal/wallet/wallet_import.go:126.30,128.4 1 1
github.com/dominikschlosser/oid4vc-dev/internal/wallet/wallet_import.go:131.2,140.38 2 1
github.com/dominikschlosser/oid4vc-dev/internal/wallet/wallet_import.go:144.62,146.16 2 0
github.com/dominikschlosser/oid4vc-dev/internal/wallet/wallet_import.go:146.16,148.3 1 0
github.com/dominikschlosser/oid4vc-dev/internal/wallet/wallet_import.go:149.2,150.12 2 0
github.com/dominikschlosser/oid4vc-dev/internal/wallet/wallet_import.go:154.46,155.17 1 1
github.com/dominikschlosser/oid4vc-dev/internal/wallet/wallet_import.go:155.17,157.3 1 1
github.com/dominikschlosser/oid4vc-dev/internal/wallet/wallet_import.go:159.2,159.18 1 1
github.com/dominikschlosser/oid4vc-dev/internal/wallet/wallet_import.go:160.19,162.17 2 1
github.com/dominikschlosser/oid4vc-dev/internal/wallet/wallet_import.go:162.17,164.4 1 0
github.com/dominikschlosser/oid4vc-dev/internal/wallet/wallet_import.go:165.3,166.22 2 1
github.com/dominikschlosser/oid4vc-dev/internal/wallet/wallet_import.go:166.22,168.4 1 1
github.com/dominikschlosser/oid4vc-dev/internal/wallet/wallet_import.go:170.21,171.22 1 0
github.com/dominikschlosser/oid4vc-dev/internal/wallet/wallet_import.go:171.22,173.18 2 0
github.com/dominikschlosser/oid4vc-dev/internal/wallet/wallet_import.go:173.18,175.5 1 0
github.com/dominikschlosser/oid4vc-dev/internal/wallet/wallet_import.go:176.4,176.22 1 0
github.com/dominikschlosser/oid4vc-dev/internal/wallet/wallet_import.go:179.18,181.17 2 1
github.com/dominikschlosser/oid4vc-dev/internal/wallet/wallet_import.go:181.17,183.4 1 0
github.com/dominikschlosser/oid4vc-dev/internal/wallet/wallet_import.go:184.3,185.22 2 1
github.com/dominikschlosser/oid4vc-dev/internal/wallet/wallet_import.go:185.22,187.42 2 1
github.com/dominikschlosser/oid4vc-dev/internal/wallet/wallet_import.go:187.42,188.32 1 1
github.com/dominikschlosser/oid4vc-dev/internal/wallet/wallet_import.go:188.32,190.6 1 1
github.com/dominikschlosser/oid4vc-dev/internal/wallet/wallet_import.go:192.4,192.21 1 1
github.com/dominikschlosser/oid4vc-dev/internal/wallet/wallet_import.go:196.2,196.12 1 1
github.com/dominikschlosser/oid4vc-dev/internal/wallet/wallet_status.go:18.85,22.9 4 1
github.com/dominikschlosser/oid4vc-dev/internal/wallet/wallet_status.go:22.9,24.3 1 1
github.com/dominikschlosser/oid4vc-dev/internal/wallet/wallet_status.go:25.2,27.20 3 1
github.com/dominikschlosser/oid4vc-dev/internal/wallet/wallet_status.go:31.48,35.30 3 1
github.com/dominikschlosser/oid4vc-dev/internal/wallet/wallet_status.go:35.30,38.3 1 1
github.com/dominikschlosser/oid4vc-dev/internal/wallet/wallet_status.go:41.2,43.19 2 1
github.com/dominikschlosser/oid4vc-dev/internal/wallet/wallet_status.go:43.19,45.3 1 1
github.com/dominikschlosser/oid4vc-dev/internal/wallet/wallet_status.go:46.2,48.40 2 1
github.com/dominikschlosser/oid4vc-dev/internal/wallet/wallet_status.go:48.40,49.24 1 1
github.com/dominikschlosser/oid4vc-dev/internal/wallet/wallet_status.go:49.24,52.32 3 1
github.com/dominikschlosser/oid4vc-dev/internal/wallet/wallet_status.go:52.32,54.5 1 1
github.com/dominikschlosser/oid4vc-dev/internal/wallet/wallet_status.go:58.2,58.18 1 1
github.com/dominikschlosser/oid4vc-dev/internal/wallet/wallet_status.go:62.40,68.2 5 1
github.com/dominikschlosser/oid4vc-dev/internal/wallet/wallet_status.go:71.62,74.28 3 1
github.com/dominikschlosser/oid4vc-dev/internal/wallet/wallet_status.go:74.28,76.3 1 1
github.com/dominikschlosser/oid4vc-dev/internal/wallet/wallet_status.go:77.2,77.62 1 1
